[2018-03-07 10:56:10,891] [INFO] "GET / HTTP/1.1" 200 1774
[2018-03-07 10:56:11,082] [WARNING] Not Found: /favicon.ico
[2018-03-07 10:56:11,084] [WARNING] "GET /favicon.ico HTTP/1.1" 404 1942
[2018-03-07 10:56:13,750] [INFO] "GET /admin HTTP/1.1" 301 0
[2018-03-07 10:56:13,844] [INFO] "GET /admin/ HTTP/1.1" 302 0
[2018-03-07 10:56:13,954] [INFO] "GET /admin/login/?next=/admin/ HTTP/1.1" 200 3361
[2018-03-07 10:56:15,181] [INFO] "GET /static/suit/js/suit.js HTTP/1.1" 200 6415
[2018-03-07 10:56:15,183] [INFO] "GET /static/suit/bootstrap/js/bootstrap.min.js HTTP/1.1" 200 15732
[2018-03-07 10:56:15,187] [INFO] "GET /static/suit/css/suit.css HTTP/1.1" 200 62873
[2018-03-07 10:56:15,187] [INFO] "GET /static/suit/bootstrap/css/bootstrap.min.css HTTP/1.1" 200 107369
[2018-03-07 10:56:15,188] [INFO] "GET /static/suit/js/jquery-2.2.4.min.js HTTP/1.1" 200 85578
[2018-03-07 10:56:15,230] [INFO] "GET /static/suit/bootstrap/img/glyphicons-halflings-white.png HTTP/1.1" 200 8777
[2018-03-07 10:56:15,243] [INFO] "GET /static/suit/bootstrap/img/glyphicons-halflings.png HTTP/1.1" 200 12799
[2018-03-07 10:57:17,539] [INFO] "POST /admin/login/?next=/admin/ HTTP/1.1" 302 0
[2018-03-07 10:57:19,473] [INFO] "GET /admin/ HTTP/1.1" 200 10552
[2018-03-07 10:57:19,487] [INFO] "GET /static/suit/bootstrap/css/bootstrap.min.css HTTP/1.1" 304 0
[2018-03-07 10:57:19,492] [INFO] "GET /static/suit/css/suit.css HTTP/1.1" 304 0
[2018-03-07 10:57:19,494] [INFO] "GET /static/suit/js/jquery-2.2.4.min.js HTTP/1.1" 304 0
[2018-03-07 10:57:19,494] [INFO] "GET /static/suit/bootstrap/js/bootstrap.min.js HTTP/1.1" 304 0
[2018-03-07 10:57:19,496] [INFO] "GET /static/suit/js/suit.js HTTP/1.1" 304 0
[2018-03-07 10:57:19,535] [INFO] "GET /static/suit/img/bg_left_white.gif HTTP/1.1" 200 105
[2018-03-07 10:57:19,538] [INFO] "GET /static/suit/bootstrap/img/glyphicons-halflings.png HTTP/1.1" 304 0
[2018-03-07 10:57:19,542] [INFO] "GET /static/suit/img/glyphicons-halflings-white-nav.png HTTP/1.1" 200 40145
[2018-03-07 10:57:19,545] [INFO] "GET /static/suit/img/glyphicons-halflings-white-shadow.png HTTP/1.1" 200 27257
[2018-03-07 10:57:19,545] [INFO] "GET /static/suit/img/cc_active_nav.png HTTP/1.1" 200 432
[2018-03-07 10:57:23,487] [INFO] "GET /admin/walletapi/transactionsid/ HTTP/1.1" 200 8778
[2018-03-07 10:57:23,523] [INFO] "GET /static/admin/js/jquery.init.js HTTP/1.1" 200 363
[2018-03-07 10:57:23,532] [INFO] "GET /admin/jsi18n/ HTTP/1.1" 200 7758
[2018-03-07 10:57:23,542] [INFO] "GET /static/admin/js/core.js HTTP/1.1" 200 7976
[2018-03-07 10:57:23,545] [INFO] "GET /static/admin/js/actions.js HTTP/1.1" 200 6501
[2018-03-07 10:57:23,552] [INFO] "GET /static/admin/js/admin/RelatedObjectLookups.js HTTP/1.1" 200 6577
[2018-03-07 10:57:23,555] [INFO] "GET /static/admin/js/urlify.js HTTP/1.1" 200 8186
[2018-03-07 10:57:23,565] [INFO] "GET /static/admin/js/prepopulate.js HTTP/1.1" 200 1538
[2018-03-07 10:57:23,572] [INFO] "GET /static/admin/js/vendor/jquery/jquery.js HTTP/1.1" 200 258648
[2018-03-07 10:57:23,601] [INFO] "GET /static/admin/js/vendor/xregexp/xregexp.js HTTP/1.1" 200 128820
[2018-03-07 10:57:23,621] [INFO] "GET /static/suit/bootstrap/img/glyphicons-halflings-white.png HTTP/1.1" 304 0
[2018-03-07 10:57:25,150] [INFO] "GET /admin/walletapi/apicallback/ HTTP/1.1" 200 8796
[2018-03-07 10:57:25,167] [INFO] "GET /admin/jsi18n/ HTTP/1.1" 200 7758
[2018-03-07 10:57:26,188] [INFO] "GET /admin/walletapi/cointype/ HTTP/1.1" 200 8790
[2018-03-07 10:57:26,209] [INFO] "GET /admin/jsi18n/ HTTP/1.1" 200 7758
[2018-03-07 10:59:10,694] [INFO] "GET /admin/auth/user/ HTTP/1.1" 200 14401
[2018-03-07 10:59:10,711] [INFO] "GET /static/suit/bootstrap/css/bootstrap.min.css HTTP/1.1" 304 0
[2018-03-07 10:59:10,717] [INFO] "GET /static/suit/css/suit.css HTTP/1.1" 304 0
[2018-03-07 10:59:10,721] [INFO] "GET /static/suit/js/jquery-2.2.4.min.js HTTP/1.1" 304 0
[2018-03-07 10:59:10,723] [INFO] "GET /static/suit/bootstrap/js/bootstrap.min.js HTTP/1.1" 304 0
[2018-03-07 10:59:10,730] [INFO] "GET /static/suit/js/suit.js HTTP/1.1" 304 0
[2018-03-07 10:59:10,733] [INFO] "GET /admin/jsi18n/ HTTP/1.1" 200 7758
[2018-03-07 10:59:10,740] [INFO] "GET /static/admin/img/icon-yes.svg HTTP/1.1" 200 436
[2018-03-07 10:59:10,788] [INFO] "GET /static/suit/img/bg_left_white.gif HTTP/1.1" 304 0
[2018-03-07 10:59:10,795] [INFO] "GET /static/suit/img/glyphicons-halflings-white-nav.png HTTP/1.1" 304 0
[2018-03-07 10:59:10,796] [INFO] "GET /static/suit/bootstrap/img/glyphicons-halflings-white.png HTTP/1.1" 304 0
[2018-03-07 10:59:10,799] [INFO] "GET /static/suit/bootstrap/img/glyphicons-halflings.png HTTP/1.1" 304 0
[2018-03-07 10:59:10,835] [INFO] "GET /static/suit/img/glyphicons-halflings-white-shadow.png HTTP/1.1" 304 0
[2018-03-07 10:59:10,835] [INFO] "GET /static/suit/img/cc_active_nav.png HTTP/1.1" 304 0
[2018-03-07 10:59:12,259] [INFO] "GET /admin/auth/group/ HTTP/1.1" 200 9251
[2018-03-07 10:59:12,282] [INFO] "GET /admin/jsi18n/ HTTP/1.1" 200 7758
[2018-03-07 10:59:13,516] [INFO] "GET /admin/auth/user/ HTTP/1.1" 200 14401
[2018-03-07 10:59:13,533] [INFO] "GET /admin/jsi18n/ HTTP/1.1" 200 7758
[2018-03-07 11:07:26,184] [INFO] "GET / HTTP/1.1" 200 1774
[2018-03-07 11:07:30,403] [INFO] "GET /admin/ HTTP/1.1" 200 9502
[2018-03-07 11:07:30,414] [INFO] "GET /static/suit/css/suit.css HTTP/1.1" 304 0
[2018-03-07 11:07:30,427] [INFO] "GET /static/suit/js/suit.js HTTP/1.1" 304 0
[2018-03-07 11:07:30,948] [INFO] "GET /static/admin/css/dashboard.css HTTP/1.1" 200 74
[2018-03-07 11:07:30,950] [INFO] "GET /static/suit/css/font-awesome.min.css HTTP/1.1" 200 31000
[2018-03-07 11:07:37,957] [INFO] "GET /admin/ HTTP/1.1" 200 9502
[2018-03-07 11:07:37,983] [INFO] "GET /static/suit/css/font-awesome.min.css HTTP/1.1" 200 31000
[2018-03-07 11:07:37,983] [INFO] "GET /static/suit/js/suit.js HTTP/1.1" 200 7609
[2018-03-07 11:07:37,983] [INFO] "GET /static/admin/css/dashboard.css HTTP/1.1" 200 74
[2018-03-07 11:07:37,992] [INFO] "GET /static/suit/css/suit.css HTTP/1.1" 200 524193
[2018-03-07 11:07:38,124] [INFO] "GET /static/suit/fonts/fontawesome-webfont.woff2?v=4.7.0 HTTP/1.1" 200 77160
[2018-03-07 11:07:38,469] [WARNING] Not Found: /favicon.ico
[2018-03-07 11:07:38,470] [WARNING] "GET /favicon.ico HTTP/1.1" 404 1942
[2018-03-07 11:07:45,183] [INFO] "GET /admin/ HTTP/1.1" 200 9502
[2018-03-07 11:07:46,849] [INFO] "GET /admin/ HTTP/1.1" 200 9502
[2018-03-07 11:07:48,457] [INFO] "GET /admin/ HTTP/1.1" 200 9502
[2018-03-07 11:07:48,476] [INFO] "GET /static/suit/css/font-awesome.min.css HTTP/1.1" 200 31000
[2018-03-07 11:07:48,483] [INFO] "GET /static/suit/js/suit.js HTTP/1.1" 200 7609
[2018-03-07 11:07:48,483] [INFO] "GET /static/admin/css/dashboard.css HTTP/1.1" 200 74
[2018-03-07 11:07:48,487] [INFO] "GET /static/suit/css/suit.css HTTP/1.1" 200 524193
[2018-03-07 11:07:48,605] [INFO] "GET /static/suit/fonts/fontawesome-webfont.woff2?v=4.7.0 HTTP/1.1" 200 77160
[2018-03-07 11:07:48,752] [WARNING] Not Found: /favicon.ico
[2018-03-07 11:07:48,753] [WARNING] "GET /favicon.ico HTTP/1.1" 404 1942
[2018-03-07 11:07:55,505] [INFO] "GET /admin/walletapi/transactionsid/ HTTP/1.1" 200 7612
[2018-03-07 11:07:55,539] [INFO] "GET /static/admin/css/changelists.css HTTP/1.1" 200 74
[2018-03-07 11:07:55,546] [INFO] "GET /admin/jsi18n/ HTTP/1.1" 200 7758
[2018-03-07 11:07:56,710] [INFO] "GET /admin/auth/user/ HTTP/1.1" 200 11881
[2018-03-07 11:07:56,743] [INFO] "GET /static/admin/img/search.svg HTTP/1.1" 200 458
[2018-03-07 11:07:56,746] [INFO] "GET /admin/jsi18n/ HTTP/1.1" 200 7758
[2018-03-07 11:07:58,561] [INFO] "GET /admin/walletapi/transactionsid/ HTTP/1.1" 200 7612
[2018-03-07 11:07:58,585] [INFO] "GET /admin/jsi18n/ HTTP/1.1" 200 7758
[2018-03-07 11:08:00,359] [INFO] "GET /admin/walletapi/apicallback/ HTTP/1.1" 200 7626
[2018-03-07 11:08:00,384] [INFO] "GET /admin/jsi18n/ HTTP/1.1" 200 7758
[2018-03-07 11:08:01,937] [INFO] "GET /admin/walletapi/apicallback/add/ HTTP/1.1" 200 10326
[2018-03-07 11:08:01,956] [INFO] "GET /static/admin/css/forms.css HTTP/1.1" 200 74
[2018-03-07 11:08:01,970] [INFO] "GET /admin/jsi18n/ HTTP/1.1" 200 7758
[2018-03-07 11:08:01,973] [INFO] "GET /static/admin/js/prepopulate_init.js HTTP/1.1" 200 495
[2018-03-07 11:08:01,982] [INFO] "GET /static/admin/js/change_form.js HTTP/1.1" 200 698
[2018-03-07 11:08:04,203] [INFO] "GET /admin/walletapi/transactionsid/ HTTP/1.1" 200 7612
[2018-03-07 11:08:04,223] [INFO] "GET /admin/jsi18n/ HTTP/1.1" 200 7758
[2018-03-07 11:12:36,191] [INFO] "GET /admin/auth/user/ HTTP/1.1" 200 10355
[2018-03-07 11:12:36,210] [INFO] "GET /admin/jsi18n/ HTTP/1.1" 200 7758
[2018-03-07 11:12:36,216] [INFO] "GET /static/suit/js/suit.js HTTP/1.1" 304 0
[2018-03-07 11:12:39,296] [INFO] "GET /admin/walletapi/transactionsid/ HTTP/1.1" 200 6086
[2018-03-07 11:12:39,316] [INFO] "GET /admin/jsi18n/ HTTP/1.1" 200 7758
[2018-03-07 11:13:04,696] [INFO] "GET /admin/walletapi/apicallback/ HTTP/1.1" 200 6100
[2018-03-07 11:13:04,720] [INFO] "GET /admin/jsi18n/ HTTP/1.1" 200 7758
[2018-03-07 11:15:53,309] [INFO] "GET /admin/walletapi/apicallback/ HTTP/1.1" 200 6100
[2018-03-07 11:15:53,421] [INFO] "GET /admin/jsi18n/ HTTP/1.1" 200 7758
[2018-03-07 11:15:54,858] [INFO] "GET /static/admin/css/changelists.css HTTP/1.1" 200 74
[2018-03-07 11:15:54,865] [INFO] "GET /static/suit/css/font-awesome.min.css HTTP/1.1" 200 31000
[2018-03-07 11:15:54,872] [INFO] "GET /static/suit/css/suit.css HTTP/1.1" 200 524193
[2018-03-07 11:15:54,888] [INFO] "GET /static/admin/js/jquery.init.js HTTP/1.1" 200 363
[2018-03-07 11:15:54,891] [INFO] "GET /static/admin/js/core.js HTTP/1.1" 200 7976
[2018-03-07 11:15:54,903] [INFO] "GET /static/admin/js/urlify.js HTTP/1.1" 200 8186
[2018-03-07 11:15:54,905] [INFO] "GET /static/admin/js/actions.js HTTP/1.1" 200 6501
[2018-03-07 11:15:54,907] [INFO] "GET /static/admin/js/admin/RelatedObjectLookups.js HTTP/1.1" 200 6577
[2018-03-07 11:15:54,913] [INFO] "GET /static/suit/js/suit.js HTTP/1.1" 200 7609
[2018-03-07 11:15:54,917] [INFO] "GET /static/admin/js/vendor/jquery/jquery.js HTTP/1.1" 200 258648
[2018-03-07 11:15:54,928] [INFO] "GET /static/admin/js/prepopulate.js HTTP/1.1" 200 1538
[2018-03-07 11:15:54,933] [INFO] "GET /static/admin/js/vendor/xregexp/xregexp.js HTTP/1.1" 200 128820
[2018-03-07 11:15:54,970] [INFO] "GET /static/suit/fonts/fontawesome-webfont.woff2?v=4.7.0 HTTP/1.1" 200 77160
[2018-03-07 11:15:55,127] [WARNING] Not Found: /favicon.ico
[2018-03-07 11:15:55,127] [WARNING] "GET /favicon.ico HTTP/1.1" 404 1942
[2018-03-07 11:15:56,891] [INFO] "GET /admin/walletapi/transactionsid/ HTTP/1.1" 200 6086
[2018-03-07 11:15:56,914] [INFO] "GET /admin/jsi18n/ HTTP/1.1" 200 7758
[2018-03-07 11:15:59,052] [INFO] "GET /admin/logout/ HTTP/1.1" 200 3443
[2018-03-07 11:16:01,720] [INFO] "GET /admin/ HTTP/1.1" 302 0
[2018-03-07 11:16:01,786] [INFO] "GET /admin/login/?next=/admin/ HTTP/1.1" 200 2613
[2018-03-07 11:16:01,805] [INFO] "GET /static/admin/css/login.css HTTP/1.1" 200 74
[2018-03-07 11:16:04,431] [INFO] "GET /admin/login/?next=/admin/ HTTP/1.1" 200 2613
[2018-03-07 11:16:10,642] [INFO] "POST /admin/login/?next=/admin/ HTTP/1.1" 302 0
[2018-03-07 11:16:10,683] [INFO] "GET /admin/ HTTP/1.1" 200 7976
[2018-03-07 11:17:57,329] [INFO] "GET /admin/walletapi/transactionsid/ HTTP/1.1" 200 6086
[2018-03-07 11:17:57,358] [INFO] "GET /admin/jsi18n/ HTTP/1.1" 200 7758
[2018-03-07 11:17:58,730] [INFO] "GET /admin/ HTTP/1.1" 200 7976
[2018-03-07 11:18:39,964] [INFO] "GET /admin/ HTTP/1.1" 200 7976
[2018-03-07 11:18:42,061] [INFO] "GET /admin/ HTTP/1.1" 200 7976
[2018-03-07 11:32:24,306] [INFO] "GET /admin/walletapi/cointype/add/ HTTP/1.1" 200 11202
[2018-03-07 11:32:24,338] [INFO] "GET /admin/jsi18n/ HTTP/1.1" 200 7758
[2018-03-07 11:48:39,301] [INFO] "POST /admin/walletapi/cointype/add/ HTTP/1.1" 302 0
[2018-03-07 11:48:39,489] [INFO] "GET /admin/walletapi/cointype/ HTTP/1.1" 200 8142
[2018-03-07 11:48:39,516] [INFO] "GET /admin/jsi18n/ HTTP/1.1" 200 7758
[2018-03-07 11:48:41,434] [INFO] "GET /admin/walletapi/cointype/1/change/ HTTP/1.1" 200 11654
[2018-03-07 11:48:41,453] [INFO] "GET /admin/jsi18n/ HTTP/1.1" 200 7758
[2018-03-07 11:48:43,733] [INFO] "GET /admin/walletapi/cointype/ HTTP/1.1" 200 7766
[2018-03-07 11:48:49,147] [INFO] "GET /admin/walletapi/apicallback/ HTTP/1.1" 200 6100
[2018-03-07 11:48:49,168] [INFO] "GET /admin/jsi18n/ HTTP/1.1" 200 7758
[2018-03-07 11:48:50,700] [INFO] "GET /admin/walletapi/transactionsid/ HTTP/1.1" 200 6086
[2018-03-07 11:48:50,730] [INFO] "GET /admin/jsi18n/ HTTP/1.1" 200 7758
[2018-03-07 11:48:51,743] [INFO] "GET /admin/walletapi/cointype/ HTTP/1.1" 200 7766
[2018-03-07 11:48:51,769] [INFO] "GET /admin/jsi18n/ HTTP/1.1" 200 7758
[2018-03-07 14:13:36,549] [INFO] "GET /admin/walletapi/cointype/1/change/ HTTP/1.1" 200 11654
[2018-03-07 14:13:36,589] [INFO] "GET /admin/jsi18n/ HTTP/1.1" 200 7758
[2018-03-07 14:30:29,681] [INFO] "GET /admin/walletapi/transactionsid/ HTTP/1.1" 200 6086
[2018-03-07 14:30:29,709] [INFO] "GET /admin/jsi18n/ HTTP/1.1" 200 7758
[2018-03-07 14:30:31,252] [INFO] "GET /admin/walletapi/transactionsid/add/ HTTP/1.1" 200 9591
[2018-03-07 14:30:31,275] [INFO] "GET /admin/jsi18n/ HTTP/1.1" 200 7758
[2018-03-07 14:30:37,167] [INFO] "POST /admin/walletapi/transactionsid/add/ HTTP/1.1" 302 0
[2018-03-07 14:30:37,288] [INFO] "GET /admin/walletapi/transactionsid/ HTTP/1.1" 200 8315
[2018-03-07 14:30:37,306] [INFO] "GET /admin/jsi18n/ HTTP/1.1" 200 7758
[2018-03-07 15:11:32,815] [INFO] "GET /admin/walletapi/transactionsid/ HTTP/1.1" 200 7999
[2018-03-07 15:11:32,819] [ERROR] "GET /admin/walletapi/transactionsid/ HTTP/1.1" 500 59
[2018-03-07 15:11:32,821] [INFO] "GET /admin/walletapi/transactionsid/ HTTP/1.1" 200 7999
[2018-03-07 15:11:32,865] [INFO] "GET /admin/jsi18n/ HTTP/1.1" 200 7758
[2018-03-07 15:11:35,216] [INFO] "GET /admin/walletapi/appuserrecharge/ HTTP/1.1" 200 6294
[2018-03-07 15:11:35,239] [INFO] "GET /admin/jsi18n/ HTTP/1.1" 200 7758
[2018-03-07 15:11:36,667] [INFO] "GET /admin/walletapi/appuserrecharge/add/ HTTP/1.1" 200 15545
[2018-03-07 15:11:36,693] [INFO] "GET /admin/jsi18n/ HTTP/1.1" 200 7758
[2018-03-07 15:11:39,802] [INFO] "GET /admin/walletapi/appuserrecharge/ HTTP/1.1" 200 6294
[2018-03-07 15:12:44,561] [INFO] "GET /admin/walletapi/transactionsid/ HTTP/1.1" 200 7999
[2018-03-07 15:12:44,581] [INFO] "GET /admin/jsi18n/ HTTP/1.1" 200 7758
[2018-03-07 15:12:47,630] [INFO] "GET /admin/walletapi/transactionsid/1/change/ HTTP/1.1" 200 10364
[2018-03-07 15:12:47,648] [INFO] "GET /admin/jsi18n/ HTTP/1.1" 200 7758
[2018-03-07 15:12:49,188] [INFO] "GET /admin/walletapi/transactionsid/ HTTP/1.1" 200 7999
[2018-03-07 15:12:51,397] [INFO] "GET /admin/walletapi/appuserrecharge/ HTTP/1.1" 200 6294
[2018-03-07 15:12:51,415] [INFO] "GET /admin/jsi18n/ HTTP/1.1" 200 7758
[2018-03-07 15:18:06,454] [INFO] "GET /admin/walletapi/appuserrecharge/ HTTP/1.1" 200 6294
[2018-03-07 15:18:06,471] [INFO] "GET /admin/jsi18n/ HTTP/1.1" 200 7758
[2018-03-07 15:18:07,436] [INFO] "GET /admin/walletapi/appuserrecharge/ HTTP/1.1" 200 6294
[2018-03-07 15:18:07,453] [INFO] "GET /admin/jsi18n/ HTTP/1.1" 200 7758
[2018-03-07 15:18:07,816] [INFO] "GET /admin/walletapi/appuserrecharge/ HTTP/1.1" 200 6294
[2018-03-07 15:18:07,835] [INFO] "GET /admin/jsi18n/ HTTP/1.1" 200 7758
[2018-03-07 15:18:08,072] [INFO] "GET /admin/walletapi/appuserrecharge/ HTTP/1.1" 200 6294
[2018-03-07 15:18:08,092] [INFO] "GET /admin/jsi18n/ HTTP/1.1" 200 7758
[2018-03-07 15:18:08,191] [INFO] "GET /admin/walletapi/appuserrecharge/ HTTP/1.1" 200 6294
[2018-03-07 15:18:08,211] [INFO] "GET /admin/jsi18n/ HTTP/1.1" 200 7758
[2018-03-07 15:18:08,313] [INFO] "GET /admin/walletapi/appuserrecharge/ HTTP/1.1" 200 6294
[2018-03-07 15:18:08,334] [INFO] "GET /admin/jsi18n/ HTTP/1.1" 200 7758
[2018-03-07 15:18:08,493] [INFO] "GET /admin/walletapi/appuserrecharge/ HTTP/1.1" 200 6294
[2018-03-07 15:18:08,520] [INFO] "GET /admin/jsi18n/ HTTP/1.1" 200 7758
[2018-03-07 15:18:10,260] [INFO] "GET /admin/walletapi/userbalance/ HTTP/1.1" 200 6286
[2018-03-07 15:18:10,280] [INFO] "GET /admin/jsi18n/ HTTP/1.1" 200 7758
[2018-03-07 15:18:11,351] [INFO] "GET /admin/walletapi/appuserrecharge/ HTTP/1.1" 200 6294
[2018-03-07 15:18:11,369] [INFO] "GET /admin/jsi18n/ HTTP/1.1" 200 7758
[2018-03-07 15:18:13,233] [INFO] "GET /admin/walletapi/appuserrecharge/ HTTP/1.1" 200 6294
[2018-03-07 15:18:13,250] [INFO] "GET /admin/jsi18n/ HTTP/1.1" 200 7758
[2018-03-07 15:18:13,352] [INFO] "GET /admin/walletapi/appuserrecharge/ HTTP/1.1" 200 6294
[2018-03-07 15:18:13,371] [INFO] "GET /admin/jsi18n/ HTTP/1.1" 200 7758
[2018-03-07 15:18:14,855] [INFO] "GET /admin/walletapi/transactionsid/ HTTP/1.1" 200 7999
[2018-03-07 15:18:14,878] [INFO] "GET /admin/jsi18n/ HTTP/1.1" 200 7758
[2018-03-07 15:18:16,984] [INFO] "GET /admin/walletapi/cointype/ HTTP/1.1" 200 7952
[2018-03-07 15:18:17,002] [INFO] "GET /admin/jsi18n/ HTTP/1.1" 200 7758
[2018-03-07 15:18:18,049] [INFO] "GET /admin/walletapi/apicallback/ HTTP/1.1" 200 6286
[2018-03-07 15:18:18,071] [INFO] "GET /admin/jsi18n/ HTTP/1.1" 200 7758
[2018-03-07 15:18:18,855] [INFO] "GET /admin/walletapi/appuserrecharge/ HTTP/1.1" 200 6294
[2018-03-07 15:18:18,875] [INFO] "GET /admin/jsi18n/ HTTP/1.1" 200 7758
[2018-03-07 15:18:20,023] [INFO] "GET /admin/walletapi/apicallback/ HTTP/1.1" 200 6286
[2018-03-07 15:18:20,046] [INFO] "GET /admin/jsi18n/ HTTP/1.1" 200 7758
[2018-03-07 15:18:23,836] [INFO] "GET /admin/walletapi/apicallback/add/ HTTP/1.1" 200 8986
[2018-03-07 15:18:23,861] [INFO] "GET /admin/jsi18n/ HTTP/1.1" 200 7758
[2018-03-07 15:18:42,039] [INFO] "POST /admin/walletapi/apicallback/add/ HTTP/1.1" 302 0
[2018-03-07 15:18:42,088] [INFO] "GET /admin/walletapi/apicallback/ HTTP/1.1" 200 8394
[2018-03-07 15:18:42,109] [INFO] "GET /admin/jsi18n/ HTTP/1.1" 200 7758
[2018-03-07 15:18:59,730] [INFO] "GET /admin/walletapi/useraddress/ HTTP/1.1" 200 6286
[2018-03-07 15:18:59,757] [INFO] "GET /admin/jsi18n/ HTTP/1.1" 200 7758
[2018-03-07 15:19:01,171] [INFO] "GET /admin/walletapi/useraddress/add/ HTTP/1.1" 200 13528
[2018-03-07 15:19:01,203] [INFO] "GET /admin/jsi18n/ HTTP/1.1" 200 7758
[2018-03-07 15:19:01,740] [INFO] "GET /static/admin/js/calendar.js HTTP/1.1" 200 7790
[2018-03-07 15:19:01,740] [INFO] "GET /static/admin/js/admin/DateTimeShortcuts.js HTTP/1.1" 200 20529
[2018-03-07 15:19:01,759] [INFO] "GET /static/admin/img/icon-addlink.svg HTTP/1.1" 200 331
[2018-03-07 15:19:01,759] [INFO] "GET /static/admin/img/icon-changelink.svg HTTP/1.1" 200 380
[2018-03-07 15:19:22,210] [INFO] "POST /admin/walletapi/useraddress/add/ HTTP/1.1" 302 0
[2018-03-07 15:19:22,272] [INFO] "GET /admin/walletapi/useraddress/ HTTP/1.1" 200 8496
[2018-03-07 15:19:22,295] [INFO] "GET /admin/jsi18n/ HTTP/1.1" 200 7758
[2018-03-07 15:19:25,638] [INFO] "GET /admin/walletapi/userbalance/ HTTP/1.1" 200 6286
[2018-03-07 15:19:25,655] [INFO] "GET /admin/jsi18n/ HTTP/1.1" 200 7758
[2018-03-07 15:19:26,250] [INFO] "GET /admin/walletapi/cointype/ HTTP/1.1" 200 7952
[2018-03-07 15:19:26,267] [INFO] "GET /admin/jsi18n/ HTTP/1.1" 200 7758
[2018-03-07 15:19:26,730] [INFO] "GET /admin/walletapi/apicallback/ HTTP/1.1" 200 7978
[2018-03-07 15:19:26,755] [INFO] "GET /admin/jsi18n/ HTTP/1.1" 200 7758
[2018-03-07 15:19:27,194] [INFO] "GET /admin/walletapi/appuserrecharge/ HTTP/1.1" 200 6294
[2018-03-07 15:19:27,210] [INFO] "GET /admin/jsi18n/ HTTP/1.1" 200 7758
[2018-03-07 15:21:40,385] [INFO] "GET /admin/walletapi/appuserrecharge/ HTTP/1.1" 200 6294
[2018-03-07 15:21:40,410] [INFO] "GET /admin/jsi18n/ HTTP/1.1" 200 7758
[2018-03-07 15:27:06,680] [INFO] "GET /admin/walletapi/appuserrecharge/ HTTP/1.1" 200 7987
[2018-03-07 15:27:06,701] [INFO] "GET /admin/jsi18n/ HTTP/1.1" 200 7758
[2018-03-07 15:27:08,325] [INFO] "GET /admin/walletapi/appuserrecharge/1/change/ HTTP/1.1" 200 16162
[2018-03-07 15:27:08,346] [INFO] "GET /admin/jsi18n/ HTTP/1.1" 200 7758
[2018-03-07 15:27:10,365] [INFO] "GET /admin/walletapi/appuserrecharge/ HTTP/1.1" 200 7987
[2018-03-07 15:28:48,987] [INFO] "GET /admin/walletapi/userbalance/ HTTP/1.1" 200 7981
[2018-03-07 15:28:49,006] [INFO] "GET /admin/jsi18n/ HTTP/1.1" 200 7758
[2018-03-07 15:28:50,589] [INFO] "GET /admin/walletapi/userbalance/1/change/ HTTP/1.1" 200 10236
[2018-03-07 15:28:50,612] [INFO] "GET /admin/jsi18n/ HTTP/1.1" 200 7758
[2018-03-07 15:28:52,786] [INFO] "GET /admin/walletapi/userbalance/ HTTP/1.1" 200 7981
[2018-03-07 15:30:19,480] [INFO] "GET /admin/walletapi/userbalance/ HTTP/1.1" 200 6768
[2018-03-07 15:30:19,503] [INFO] "GET /admin/jsi18n/ HTTP/1.1" 200 7758
[2018-03-07 15:30:23,361] [INFO] "GET /admin/walletapi/userbalance/ HTTP/1.1" 200 6768
[2018-03-07 15:30:23,430] [INFO] "GET /admin/jsi18n/ HTTP/1.1" 200 7758
[2018-03-07 15:30:24,861] [INFO] "GET /static/admin/css/changelists.css HTTP/1.1" 200 74
[2018-03-07 15:30:24,868] [INFO] "GET /static/admin/js/jquery.init.js HTTP/1.1" 200 363
[2018-03-07 15:30:24,887] [INFO] "GET /static/admin/js/core.js HTTP/1.1" 200 7976
[2018-03-07 15:30:24,888] [INFO] "GET /static/admin/js/admin/RelatedObjectLookups.js HTTP/1.1" 200 6577
[2018-03-07 15:30:24,907] [INFO] "GET /static/suit/css/font-awesome.min.css HTTP/1.1" 200 31000
[2018-03-07 15:30:24,908] [INFO] "GET /static/admin/js/prepopulate.js HTTP/1.1" 200 1538
[2018-03-07 15:30:24,911] [INFO] "GET /static/admin/js/urlify.js HTTP/1.1" 200 8186
[2018-03-07 15:30:24,926] [INFO] "GET /static/admin/js/actions.js HTTP/1.1" 200 6501
[2018-03-07 15:30:24,943] [INFO] "GET /static/admin/js/vendor/jquery/jquery.js HTTP/1.1" 200 258648
[2018-03-07 15:30:24,956] [INFO] "GET /static/suit/js/suit.js HTTP/1.1" 200 7609
[2018-03-07 15:30:24,984] [INFO] "GET /static/admin/js/vendor/xregexp/xregexp.js HTTP/1.1" 200 128820
[2018-03-07 15:30:24,997] [INFO] "GET /static/suit/css/suit.css HTTP/1.1" 200 524193
[2018-03-07 15:30:25,075] [INFO] "GET /static/suit/fonts/fontawesome-webfont.woff2?v=4.7.0 HTTP/1.1" 200 77160
[2018-03-07 15:30:25,352] [WARNING] Not Found: /favicon.ico
[2018-03-07 15:30:25,354] [WARNING] "GET /favicon.ico HTTP/1.1" 404 1942
[2018-03-07 15:31:51,295] [INFO] "GET /admin/walletapi/userbalance/ HTTP/1.1" 200 7981
[2018-03-07 15:31:51,315] [INFO] "GET /admin/jsi18n/ HTTP/1.1" 200 7758
[2018-03-07 15:51:57,578] [INFO] "GET /admin/walletapi/userbalance/ HTTP/1.1" 200 7981
[2018-03-07 15:51:57,599] [INFO] "GET /admin/jsi18n/ HTTP/1.1" 200 7758
[2018-03-07 15:51:58,980] [INFO] "GET /admin/walletapi/cointype/ HTTP/1.1" 200 7952
[2018-03-07 15:51:59,006] [INFO] "GET /admin/jsi18n/ HTTP/1.1" 200 7758
[2018-03-07 15:52:00,036] [INFO] "GET /admin/walletapi/apicallback/ HTTP/1.1" 200 7978
[2018-03-07 15:52:00,058] [INFO] "GET /admin/jsi18n/ HTTP/1.1" 200 7758
[2018-03-07 15:52:01,198] [INFO] "GET /admin/walletapi/appuserrecharge/ HTTP/1.1" 200 7987
[2018-03-07 15:52:01,220] [INFO] "GET /admin/jsi18n/ HTTP/1.1" 200 7758
[2018-03-07 15:52:02,434] [INFO] "GET /admin/walletapi/transactionsid/ HTTP/1.1" 200 7999
[2018-03-07 15:52:02,450] [INFO] "GET /admin/jsi18n/ HTTP/1.1" 200 7758
[2018-03-07 15:52:04,788] [INFO] "GET /admin/walletapi/appuserrecharge/ HTTP/1.1" 200 7987
[2018-03-07 15:52:04,812] [INFO] "GET /admin/jsi18n/ HTTP/1.1" 200 7758
[2018-03-07 15:52:05,559] [INFO] "GET /admin/walletapi/appuserrecharge/1/change/ HTTP/1.1" 200 16162
[2018-03-07 15:52:05,579] [INFO] "GET /admin/jsi18n/ HTTP/1.1" 200 7758
[2018-03-07 15:52:08,273] [INFO] "GET /admin/walletapi/appuserrecharge/ HTTP/1.1" 200 7987
[2018-03-07 16:07:37,575] [INFO] "GET /admin/walletapi/appuserrecharge/ HTTP/1.1" 200 8028
[2018-03-07 16:07:37,595] [INFO] "GET /admin/jsi18n/ HTTP/1.1" 200 7758
[2018-03-07 16:07:39,767] [INFO] "GET /admin/walletapi/transactionsid/ HTTP/1.1" 200 8040
[2018-03-07 16:07:39,786] [INFO] "GET /admin/jsi18n/ HTTP/1.1" 200 7758
[2018-03-07 16:07:40,654] [INFO] "GET /admin/auth/user/ HTTP/1.1" 200 10582
[2018-03-07 16:07:40,676] [INFO] "GET /admin/jsi18n/ HTTP/1.1" 200 7758
[2018-03-07 16:07:41,411] [INFO] "GET /admin/auth/user/ HTTP/1.1" 200 10582
[2018-03-07 16:07:41,434] [INFO] "GET /admin/jsi18n/ HTTP/1.1" 200 7758
[2018-03-07 16:07:42,038] [INFO] "GET /admin/walletapi/transactionsid/ HTTP/1.1" 200 8040
[2018-03-07 16:07:42,052] [INFO] "GET /admin/jsi18n/ HTTP/1.1" 200 7758
[2018-03-07 16:07:42,997] [INFO] "GET /admin/walletapi/appuserrecharge/ HTTP/1.1" 200 8028
[2018-03-07 16:07:43,013] [INFO] "GET /admin/jsi18n/ HTTP/1.1" 200 7758
[2018-03-07 16:07:44,223] [INFO] "GET /admin/walletapi/apicallback/ HTTP/1.1" 200 8019
[2018-03-07 16:07:44,246] [INFO] "GET /admin/jsi18n/ HTTP/1.1" 200 7758
[2018-03-07 16:07:46,486] [INFO] "GET /admin/walletapi/cointype/ HTTP/1.1" 200 7993
[2018-03-07 16:07:46,502] [INFO] "GET /admin/jsi18n/ HTTP/1.1" 200 7758
[2018-03-07 16:07:48,369] [INFO] "GET /admin/walletapi/userbalance/ HTTP/1.1" 200 8022
[2018-03-07 16:07:48,391] [INFO] "GET /admin/jsi18n/ HTTP/1.1" 200 7758
[2018-03-07 16:07:48,894] [INFO] "GET /admin/walletapi/cointype/ HTTP/1.1" 200 7993
[2018-03-07 16:07:48,911] [INFO] "GET /admin/jsi18n/ HTTP/1.1" 200 7758
[2018-03-07 16:07:49,190] [INFO] "GET /admin/walletapi/apicallback/ HTTP/1.1" 200 8019
[2018-03-07 16:07:49,204] [INFO] "GET /admin/jsi18n/ HTTP/1.1" 200 7758
[2018-03-07 16:07:50,852] [INFO] "GET /admin/walletapi/apicallback/add/ HTTP/1.1" 200 9027
[2018-03-07 16:07:50,875] [INFO] "GET /admin/jsi18n/ HTTP/1.1" 200 7758
[2018-03-07 16:07:54,167] [INFO] "GET /admin/walletapi/useraddress/ HTTP/1.1" 200 8053
[2018-03-07 16:07:54,187] [INFO] "GET /admin/jsi18n/ HTTP/1.1" 200 7758
[2018-03-07 16:07:55,446] [INFO] "GET /admin/auth/user/ HTTP/1.1" 200 10582
[2018-03-07 16:07:55,467] [INFO] "GET /admin/jsi18n/ HTTP/1.1" 200 7758
[2018-03-07 16:07:56,776] [INFO] "GET /admin/auth/user/ HTTP/1.1" 200 10582
[2018-03-07 16:07:56,793] [INFO] "GET /admin/jsi18n/ HTTP/1.1" 200 7758
[2018-03-07 16:07:57,154] [INFO] "GET /admin/walletapi/transactionsid/ HTTP/1.1" 200 8040
[2018-03-07 16:07:57,171] [INFO] "GET /admin/jsi18n/ HTTP/1.1" 200 7758
[2018-03-07 16:11:07,799] [INFO] "GET /admin/ HTTP/1.1" 200 10025
[2018-03-07 16:11:13,528] [INFO] "GET /admin/walletapi/transactionsid/ HTTP/1.1" 200 8040
[2018-03-07 16:11:13,548] [INFO] "GET /admin/jsi18n/ HTTP/1.1" 200 7758
[2018-03-07 16:11:16,494] [INFO] "GET /admin/logout/ HTTP/1.1" 200 3697
[2018-03-07 16:11:18,423] [INFO] "GET /admin/logout/ HTTP/1.1" 302 0
[2018-03-07 16:11:18,430] [INFO] "GET /admin/ HTTP/1.1" 302 0
[2018-03-07 16:11:18,509] [INFO] "GET /admin/login/?next=/admin/ HTTP/1.1" 200 2611
[2018-03-07 16:11:19,545] [INFO] "GET /static/admin/css/login.css HTTP/1.1" 200 74
[2018-03-07 16:11:19,556] [INFO] "GET /static/suit/css/font-awesome.min.css HTTP/1.1" 200 31000
[2018-03-07 16:11:19,565] [INFO] "GET /static/suit/js/suit.js HTTP/1.1" 200 7609
[2018-03-07 16:11:19,592] [INFO] "GET /static/suit/css/suit.css HTTP/1.1" 200 524193
[2018-03-07 16:11:19,743] [WARNING] Not Found: /favicon.ico
[2018-03-07 16:11:19,744] [WARNING] "GET /favicon.ico HTTP/1.1" 404 1942
[2018-03-07 16:11:21,230] [INFO] "GET /admin/ HTTP/1.1" 302 0
[2018-03-07 16:11:21,250] [INFO] "GET /admin/login/?next=/admin/ HTTP/1.1" 200 2611
[2018-03-07 16:13:40,464] [INFO] "GET /admin/login/?next=/admin/ HTTP/1.1" 200 2615
[2018-03-07 16:13:47,548] [INFO] "POST /admin/login/?next=/admin/ HTTP/1.1" 200 2794
[2018-03-07 16:13:51,273] [INFO] "POST /admin/login/?next=/admin/ HTTP/1.1" 302 0
[2018-03-07 16:13:51,315] [INFO] "GET /admin/ HTTP/1.1" 200 10029
[2018-03-07 16:13:56,466] [INFO] "GET /admin/walletapi/transactionsid/ HTTP/1.1" 200 8044
[2018-03-07 16:13:56,487] [INFO] "GET /admin/jsi18n/ HTTP/1.1" 200 7758
[2018-03-07 16:17:15,457] [INFO] "GET /admin/walletapi/userbalance/ HTTP/1.1" 200 8026
[2018-03-07 16:17:15,483] [INFO] "GET /admin/jsi18n/ HTTP/1.1" 200 7758
[2018-03-07 16:18:27,220] [INFO] "GET /admin/walletapi/userbalance/ HTTP/1.1" 200 8438
[2018-03-07 16:18:27,246] [INFO] "GET /admin/jsi18n/ HTTP/1.1" 200 7758
[2018-03-07 16:22:12,903] [INFO] "GET /admin/walletapi/userbalance/ HTTP/1.1" 200 8931
[2018-03-07 16:22:12,924] [INFO] "GET /admin/jsi18n/ HTTP/1.1" 200 7758
[2018-03-07 16:22:28,726] [INFO] "GET / HTTP/1.1" 200 1774
[2018-03-07 16:22:30,456] [INFO] "GET /admin/walletapi/userbalance/ HTTP/1.1" 200 8931
[2018-03-07 16:22:34,259] [INFO] "GET /admin/ HTTP/1.1" 200 10029
[2018-03-07 16:22:39,117] [INFO] "GET /admin/walletapi/cointype/1/change/ HTTP/1.1" 200 11885
[2018-03-07 16:22:39,137] [INFO] "GET /admin/jsi18n/ HTTP/1.1" 200 7758
[2018-03-07 16:22:41,765] [INFO] "GET /admin/walletapi/userbalance/ HTTP/1.1" 200 8931
[2018-03-07 16:22:41,788] [INFO] "GET /admin/jsi18n/ HTTP/1.1" 200 7758
[2018-03-07 16:22:45,326] [INFO] "GET /admin/walletapi/userbalance/1/change/ HTTP/1.1" 200 10281
[2018-03-07 16:22:45,348] [INFO] "GET /admin/jsi18n/ HTTP/1.1" 200 7758
[2018-03-07 16:22:47,262] [INFO] "GET /admin/walletapi/userbalance/ HTTP/1.1" 200 8931
[2018-03-07 16:23:03,559] [INFO] "GET /admin/walletapi/userbalance/ HTTP/1.1" 200 8931
[2018-03-07 16:23:03,579] [INFO] "GET /admin/jsi18n/ HTTP/1.1" 200 7758
[2018-03-07 16:23:04,874] [INFO] "GET /admin/walletapi/userbalance/ HTTP/1.1" 200 8931
[2018-03-07 16:23:04,894] [INFO] "GET /admin/jsi18n/ HTTP/1.1" 200 7758
[2018-03-07 16:23:05,052] [INFO] "GET /admin/walletapi/userbalance/?q= HTTP/1.1" 200 9040
[2018-03-07 16:23:05,072] [INFO] "GET /admin/jsi18n/ HTTP/1.1" 200 7758
[2018-03-07 16:23:05,214] [INFO] "GET /admin/walletapi/userbalance/?q= HTTP/1.1" 200 9040
[2018-03-07 16:23:05,230] [INFO] "GET /admin/jsi18n/ HTTP/1.1" 200 7758
[2018-03-07 16:23:12,513] [INFO] "GET /admin/walletapi/userbalance/?q= HTTP/1.1" 200 9040
[2018-03-07 16:23:12,533] [INFO] "GET /admin/jsi18n/ HTTP/1.1" 200 7758
[2018-03-07 16:23:16,483] [INFO] "GET /admin/walletapi/userbalance/?q=BCH HTTP/1.1" 200 9058
[2018-03-07 16:23:16,509] [INFO] "GET /admin/jsi18n/ HTTP/1.1" 200 7758
[2018-03-07 16:23:19,107] [INFO] "GET /admin/walletapi/cointype/ HTTP/1.1" 200 7997
[2018-03-07 16:23:19,125] [INFO] "GET /admin/jsi18n/ HTTP/1.1" 200 7758
[2018-03-07 16:23:22,023] [INFO] "GET /admin/walletapi/cointype/1/change/ HTTP/1.1" 200 11885
[2018-03-07 16:23:22,043] [INFO] "GET /admin/jsi18n/ HTTP/1.1" 200 7758
[2018-03-07 16:23:24,381] [INFO] "GET /admin/walletapi/cointype/ HTTP/1.1" 200 7997
[2018-03-07 16:24:53,467] [INFO] "GET /admin/walletapi/cointype/ HTTP/1.1" 200 9095
[2018-03-07 16:24:53,490] [INFO] "GET /admin/jsi18n/ HTTP/1.1" 200 7758
[2018-03-07 16:24:56,335] [INFO] "GET /admin/walletapi/cointype/1/change/ HTTP/1.1" 200 11885
[2018-03-07 16:24:56,358] [INFO] "GET /admin/jsi18n/ HTTP/1.1" 200 7758
[2018-03-07 16:24:57,667] [INFO] "GET /admin/walletapi/cointype/ HTTP/1.1" 200 9095
[2018-03-07 16:25:10,970] [INFO] "GET /admin/walletapi/appuserrecharge/ HTTP/1.1" 200 8032
[2018-03-07 16:25:10,992] [INFO] "GET /admin/jsi18n/ HTTP/1.1" 200 7758
[2018-03-07 16:25:11,825] [INFO] "GET /admin/walletapi/transactionsid/ HTTP/1.1" 200 8044
[2018-03-07 16:25:11,851] [INFO] "GET /admin/jsi18n/ HTTP/1.1" 200 7758
[2018-03-07 16:25:12,530] [INFO] "GET /admin/walletapi/appuserrecharge/ HTTP/1.1" 200 8032
[2018-03-07 16:25:12,548] [INFO] "GET /admin/jsi18n/ HTTP/1.1" 200 7758
[2018-03-07 16:25:14,737] [INFO] "GET /admin/walletapi/transactionsid/ HTTP/1.1" 200 8044
[2018-03-07 16:25:14,757] [INFO] "GET /admin/jsi18n/ HTTP/1.1" 200 7758
[2018-03-07 16:25:17,765] [INFO] "GET /admin/walletapi/cointype/ HTTP/1.1" 200 9095
[2018-03-07 16:25:17,783] [INFO] "GET /admin/jsi18n/ HTTP/1.1" 200 7758
[2018-03-07 16:25:18,795] [INFO] "GET /admin/walletapi/userbalance/ HTTP/1.1" 200 8931
[2018-03-07 16:25:18,813] [INFO] "GET /admin/jsi18n/ HTTP/1.1" 200 7758
[2018-03-07 16:25:19,552] [INFO] "GET /admin/walletapi/useraddress/ HTTP/1.1" 200 8057
[2018-03-07 16:25:19,578] [INFO] "GET /admin/jsi18n/ HTTP/1.1" 200 7758
[2018-03-07 16:33:57,174] [INFO] "GET /admin/walletapi/useraddress/ HTTP/1.1" 200 9640
[2018-03-07 16:33:57,196] [INFO] "GET /admin/jsi18n/ HTTP/1.1" 200 7758
[2018-03-07 16:34:10,243] [INFO] "GET /admin/walletapi/userbalance/ HTTP/1.1" 200 8931
[2018-03-07 16:34:10,263] [INFO] "GET /admin/jsi18n/ HTTP/1.1" 200 7758
[2018-03-07 16:34:12,582] [INFO] "GET /admin/walletapi/useraddress/ HTTP/1.1" 200 9640
[2018-03-07 16:34:12,608] [INFO] "GET /admin/jsi18n/ HTTP/1.1" 200 7758
[2018-03-07 16:34:13,808] [INFO] "GET /admin/walletapi/userbalance/ HTTP/1.1" 200 8931
[2018-03-07 16:34:13,828] [INFO] "GET /admin/jsi18n/ HTTP/1.1" 200 7758
[2018-03-07 16:34:16,132] [INFO] "GET /admin/walletapi/cointype/ HTTP/1.1" 200 9095
[2018-03-07 16:34:16,151] [INFO] "GET /admin/jsi18n/ HTTP/1.1" 200 7758
[2018-03-07 16:34:17,750] [INFO] "GET /admin/walletapi/apicallback/ HTTP/1.1" 200 8023
[2018-03-07 16:34:17,780] [INFO] "GET /admin/jsi18n/ HTTP/1.1" 200 7758
[2018-03-07 16:34:18,670] [INFO] "GET /admin/walletapi/appuserrecharge/ HTTP/1.1" 200 8032
[2018-03-07 16:34:18,690] [INFO] "GET /admin/jsi18n/ HTTP/1.1" 200 7758
[2018-03-07 16:34:20,686] [INFO] "GET /admin/walletapi/transactionsid/ HTTP/1.1" 200 8044
[2018-03-07 16:34:20,703] [INFO] "GET /admin/jsi18n/ HTTP/1.1" 200 7758
[2018-03-07 16:34:22,055] [INFO] "GET /admin/walletapi/appuserrecharge/ HTTP/1.1" 200 8032
[2018-03-07 16:34:22,069] [INFO] "GET /admin/jsi18n/ HTTP/1.1" 200 7758
[2018-03-07 16:34:22,957] [INFO] "GET /admin/walletapi/transactionsid/ HTTP/1.1" 200 8044
[2018-03-07 16:34:22,986] [INFO] "GET /admin/jsi18n/ HTTP/1.1" 200 7758
[2018-03-07 16:34:25,698] [INFO] "GET /admin/walletapi/transactionsid/1/change/ HTTP/1.1" 200 10409
[2018-03-07 16:34:25,719] [INFO] "GET /admin/jsi18n/ HTTP/1.1" 200 7758
[2018-03-07 16:34:27,648] [INFO] "GET /admin/walletapi/transactionsid/ HTTP/1.1" 200 8044
[2018-03-07 16:35:11,463] [INFO] "GET /admin/walletapi/transactionsid/ HTTP/1.1" 200 8044
[2018-03-07 16:35:11,493] [INFO] "GET /admin/jsi18n/ HTTP/1.1" 200 7758
[2018-03-07 16:35:12,786] [INFO] "GET /admin/walletapi/transactionsid/ HTTP/1.1" 200 8044
[2018-03-07 16:35:12,815] [INFO] "GET /admin/jsi18n/ HTTP/1.1" 200 7758
[2018-03-07 16:40:06,184] [INFO] "GET /admin/walletapi/transactionsid/ HTTP/1.1" 200 8044
[2018-03-07 16:40:06,206] [INFO] "GET /admin/jsi18n/ HTTP/1.1" 200 7758
[2018-03-07 16:40:16,316] [INFO] "GET /admin/walletapi/transactionsid/ HTTP/1.1" 200 9004
[2018-03-07 16:40:16,338] [INFO] "GET /admin/jsi18n/ HTTP/1.1" 200 7758
[2018-03-07 16:40:16,674] [INFO] "GET /static/admin/img/icon-no.svg HTTP/1.1" 200 560
[2018-03-07 16:42:01,252] [INFO] "GET /admin/walletapi/transactionsid/ HTTP/1.1" 200 9739
[2018-03-07 16:42:01,275] [INFO] "GET /admin/jsi18n/ HTTP/1.1" 200 7758
[2018-03-07 16:42:03,431] [INFO] "GET /admin/walletapi/transactionsid/?used__exact=1 HTTP/1.1" 200 8930
[2018-03-07 16:42:03,447] [INFO] "GET /admin/jsi18n/ HTTP/1.1" 200 7758
[2018-03-07 16:42:04,434] [INFO] "GET /admin/walletapi/transactionsid/?used__exact=0 HTTP/1.1" 200 10006
[2018-03-07 16:42:04,454] [INFO] "GET /admin/jsi18n/ HTTP/1.1" 200 7758
[2018-03-07 16:42:06,033] [INFO] "GET /admin/walletapi/transactionsid/? HTTP/1.1" 200 9739
[2018-03-07 16:42:06,053] [INFO] "GET /admin/jsi18n/ HTTP/1.1" 200 7758
[2018-03-07 17:38:38,009] [INFO] "GET /admin/walletapi/transactionsid/? HTTP/1.1" 200 9739
[2018-03-07 17:38:39,553] [INFO] "GET /admin/walletapi/userbalance/ HTTP/1.1" 200 8931
[2018-03-07 17:38:39,572] [INFO] "GET /admin/jsi18n/ HTTP/1.1" 200 7758
[2018-03-07 17:38:50,428] [INFO] "GET /admin/walletapi/transactionsid/ HTTP/1.1" 200 9739
[2018-03-07 17:38:50,448] [INFO] "GET /admin/jsi18n/ HTTP/1.1" 200 7758
[2018-03-07 17:38:52,305] [INFO] "GET /admin/walletapi/appuserrecharge/ HTTP/1.1" 200 8032
[2018-03-07 17:38:52,335] [INFO] "GET /admin/jsi18n/ HTTP/1.1" 200 7758
[2018-03-07 17:38:53,865] [INFO] "GET /admin/walletapi/transactionsid/ HTTP/1.1" 200 9739
[2018-03-07 17:38:53,891] [INFO] "GET /admin/jsi18n/ HTTP/1.1" 200 7758
[2018-03-07 17:38:54,260] [INFO] "GET /admin/walletapi/apicallback/ HTTP/1.1" 200 8023
[2018-03-07 17:38:54,282] [INFO] "GET /admin/jsi18n/ HTTP/1.1" 200 7758
[2018-03-07 17:38:55,255] [INFO] "GET /admin/walletapi/cointype/ HTTP/1.1" 200 9095
[2018-03-07 17:38:55,269] [INFO] "GET /admin/jsi18n/ HTTP/1.1" 200 7758
[2018-03-07 17:38:56,450] [INFO] "GET /admin/walletapi/userbalance/ HTTP/1.1" 200 8931
[2018-03-07 17:38:56,467] [INFO] "GET /admin/jsi18n/ HTTP/1.1" 200 7758
[2018-03-07 17:38:57,505] [INFO] "GET /admin/walletapi/useraddress/ HTTP/1.1" 200 9640
[2018-03-07 17:38:57,526] [INFO] "GET /admin/jsi18n/ HTTP/1.1" 200 7758
[2018-03-07 17:46:02,671] [INFO] "GET /admin/walletapi/transactionsid/ HTTP/1.1" 200 9739
[2018-03-07 17:46:02,690] [INFO] "GET /admin/jsi18n/ HTTP/1.1" 200 7758
[2018-03-07 17:46:03,329] [INFO] "GET /admin/walletapi/appuserrecharge/ HTTP/1.1" 200 8032
[2018-03-07 17:46:03,361] [INFO] "GET /admin/jsi18n/ HTTP/1.1" 200 7758
[2018-03-07 17:46:03,911] [INFO] "GET /admin/walletapi/apicallback/ HTTP/1.1" 200 8023
[2018-03-07 17:46:03,930] [INFO] "GET /admin/jsi18n/ HTTP/1.1" 200 7758
[2018-03-07 17:46:04,569] [INFO] "GET /admin/walletapi/appuserrecharge/ HTTP/1.1" 200 8032
[2018-03-07 17:46:04,595] [INFO] "GET /admin/jsi18n/ HTTP/1.1" 200 7758
[2018-03-07 17:46:05,335] [INFO] "GET /admin/walletapi/cointype/ HTTP/1.1" 200 9095
[2018-03-07 17:46:05,351] [INFO] "GET /admin/jsi18n/ HTTP/1.1" 200 7758
[2018-03-07 17:46:05,887] [INFO] "GET /admin/walletapi/userbalance/ HTTP/1.1" 200 8931
[2018-03-07 17:46:05,904] [INFO] "GET /admin/jsi18n/ HTTP/1.1" 200 7758
[2018-03-07 17:46:06,463] [INFO] "GET /admin/walletapi/useraddress/ HTTP/1.1" 200 9640
[2018-03-07 17:46:06,480] [INFO] "GET /admin/jsi18n/ HTTP/1.1" 200 7758
[2018-03-07 17:49:46,874] [INFO] "GET /admin/walletapi/transactionsid/ HTTP/1.1" 200 9739
[2018-03-07 17:49:46,894] [INFO] "GET /admin/jsi18n/ HTTP/1.1" 200 7758
[2018-03-07 17:49:49,438] [INFO] "GET /admin/auth/user/ HTTP/1.1" 200 10586
[2018-03-07 17:49:49,457] [INFO] "GET /admin/jsi18n/ HTTP/1.1" 200 7758
[2018-03-07 17:49:52,148] [INFO] "GET /admin/ HTTP/1.1" 200 10029
[2018-03-07 17:49:53,792] [INFO] "GET /admin/walletapi/transactionsid/ HTTP/1.1" 200 9739
[2018-03-07 17:49:53,811] [INFO] "GET /admin/jsi18n/ HTTP/1.1" 200 7758
[2018-03-07 17:49:55,006] [INFO] "GET /admin/auth/user/ HTTP/1.1" 200 10586
[2018-03-07 17:49:55,028] [INFO] "GET /admin/jsi18n/ HTTP/1.1" 200 7758
[2018-03-07 18:05:15,334] [INFO] "GET /admin/walletapi/transactionsid/ HTTP/1.1" 200 9739
[2018-03-07 18:05:15,361] [INFO] "GET /admin/jsi18n/ HTTP/1.1" 200 7758
[2018-03-07 18:05:16,895] [INFO] "GET /admin/auth/user/ HTTP/1.1" 200 10586
[2018-03-07 18:05:16,914] [INFO] "GET /admin/jsi18n/ HTTP/1.1" 200 7758
[2018-03-07 18:05:17,762] [INFO] "GET /admin/auth/user/ HTTP/1.1" 200 10586
[2018-03-07 18:05:17,779] [INFO] "GET /admin/jsi18n/ HTTP/1.1" 200 7758
[2018-03-07 18:05:19,019] [INFO] "GET /admin/auth/user/add/ HTTP/1.1" 200 10123
[2018-03-07 18:05:19,043] [INFO] "GET /admin/jsi18n/ HTTP/1.1" 200 7758
[2018-03-07 18:05:25,803] [INFO] "GET /admin/auth/user/ HTTP/1.1" 200 10586
[2018-03-07 18:05:27,496] [INFO] "GET /admin/auth/user/1/change/ HTTP/1.1" 200 22955
[2018-03-07 18:05:27,519] [INFO] "GET /admin/jsi18n/ HTTP/1.1" 200 7758
[2018-03-07 18:05:28,055] [INFO] "GET /static/admin/js/SelectFilter2.js HTTP/1.1" 200 12389
[2018-03-07 18:05:28,062] [INFO] "GET /static/admin/js/SelectBox.js HTTP/1.1" 200 5755
[2018-03-07 18:05:32,601] [INFO] "GET /admin/auth/user/ HTTP/1.1" 200 10586
[2018-03-07 18:05:34,426] [INFO] "GET /admin/walletapi/transactionsid/ HTTP/1.1" 200 9739
[2018-03-07 18:05:34,443] [INFO] "GET /admin/jsi18n/ HTTP/1.1" 200 7758
[2018-03-07 18:05:36,046] [INFO] "GET /admin/walletapi/transactionsid/ HTTP/1.1" 200 9739
[2018-03-07 18:05:36,065] [INFO] "GET /admin/jsi18n/ HTTP/1.1" 200 7758
[2018-03-07 18:05:36,342] [INFO] "GET /admin/walletapi/appuserrecharge/ HTTP/1.1" 200 8032
[2018-03-07 18:05:36,361] [INFO] "GET /admin/jsi18n/ HTTP/1.1" 200 7758
[2018-03-07 18:05:37,928] [INFO] "GET /admin/walletapi/apicallback/ HTTP/1.1" 200 8023
[2018-03-07 18:05:37,950] [INFO] "GET /admin/jsi18n/ HTTP/1.1" 200 7758
[2018-03-07 18:05:39,786] [INFO] "GET /admin/walletapi/transactionsid/ HTTP/1.1" 200 9739
[2018-03-07 18:05:39,803] [INFO] "GET /admin/jsi18n/ HTTP/1.1" 200 7758
[2018-03-07 18:05:40,325] [INFO] "GET /admin/walletapi/apicallback/ HTTP/1.1" 200 8023
[2018-03-07 18:05:40,338] [INFO] "GET /admin/jsi18n/ HTTP/1.1" 200 7758
[2018-03-07 18:05:40,717] [INFO] "GET /admin/walletapi/userbalance/ HTTP/1.1" 200 8931
[2018-03-07 18:05:40,743] [INFO] "GET /admin/jsi18n/ HTTP/1.1" 200 7758
[2018-03-07 18:05:41,292] [INFO] "GET /admin/auth/user/ HTTP/1.1" 200 10586
[2018-03-07 18:05:41,308] [INFO] "GET /admin/jsi18n/ HTTP/1.1" 200 7758
[2018-03-08 13:55:55,888] [INFO] "GET /admin/walletapi/transactionsid/ HTTP/1.1" 200 9739
[2018-03-08 13:55:55,890] [INFO] "GET /admin/walletapi/transactionsid/ HTTP/1.1" 200 9739
[2018-03-08 13:55:55,891] [ERROR] "GET /admin/walletapi/transactionsid/ HTTP/1.1" 500 59
[2018-03-08 13:55:55,934] [INFO] "GET /static/suit/css/suit.css HTTP/1.1" 304 0
[2018-03-08 13:55:55,936] [INFO] "GET /static/admin/css/changelists.css HTTP/1.1" 304 0
[2018-03-08 13:55:55,938] [INFO] "GET /static/suit/css/font-awesome.min.css HTTP/1.1" 304 0
[2018-03-08 13:55:55,950] [INFO] "GET /static/suit/js/suit.js HTTP/1.1" 304 0
[2018-03-08 13:55:56,013] [INFO] "GET /admin/jsi18n/ HTTP/1.1" 200 7758
[2018-03-08 13:55:56,075] [INFO] "GET /static/suit/fonts/fontawesome-webfont.woff2?v=4.7.0 HTTP/1.1" 304 0
[2018-03-08 13:55:59,023] [INFO] "GET /admin/walletapi/useraddress/ HTTP/1.1" 200 9640
[2018-03-08 13:55:59,042] [INFO] "GET /admin/jsi18n/ HTTP/1.1" 200 7758
[2018-03-08 14:03:45,963] [WARNING] Not Found: /
[2018-03-08 14:03:45,964] [WARNING] "GET / HTTP/1.1" 404 2017
[2018-03-08 14:04:01,290] [INFO] "GET /wallet/getaddress HTTP/1.1" 301 0
[2018-03-08 14:04:01,302] [INFO] "GET /wallet/getaddress/ HTTP/1.1" 200 44
[2018-03-08 14:04:51,226] [INFO] "GET /wallet/getaddress?user_id=112323232&coin_type=BCH&sign=xcsdsdsdsdsd HTTP/1.1" 301 0
[2018-03-08 14:04:51,242] [INFO] "GET /wallet/getaddress/?user_id=112323232&coin_type=BCH&sign=xcsdsdsdsdsd HTTP/1.1" 200 44
[2018-03-08 14:06:16,331] [INFO] "GET /wallet/getaddress?user_id=112323232&coin_type=BCH&sign=3fe2a4435396c4c3acb2ca8fd4fe2b6d HTTP/1.1" 301 0
[2018-03-08 14:06:16,339] [INFO] "GET /wallet/getaddress/?user_id=112323232&coin_type=BCH&sign=3fe2a4435396c4c3acb2ca8fd4fe2b6d HTTP/1.1" 200 44
[2018-03-08 14:06:43,453] [INFO] "GET /wallet/getaddress?user_id=112323232&coin_type=BCH&sign=3fe2a4435396c4c3acb2ca8fd4fe2b6d HTTP/1.1" 301 0
[2018-03-08 14:06:43,463] [INFO] "GET /wallet/getaddress/?user_id=112323232&coin_type=BCH&sign=3fe2a4435396c4c3acb2ca8fd4fe2b6d HTTP/1.1" 200 44
[2018-03-08 14:07:05,799] [INFO] "GET /wallet/getaddress?user_id=112323232&coin_type=BCH&sign=3fe2a4435396c4c3acb2ca8fd4fe2b6d HTTP/1.1" 301 0
[2018-03-08 14:07:06,115] [INFO] "GET /wallet/getaddress/?user_id=112323232&coin_type=BCH&sign=3fe2a4435396c4c3acb2ca8fd4fe2b6d HTTP/1.1" 200 140
[2018-03-08 14:07:19,736] [INFO] "GET /admin/walletapi/useraddress/ HTTP/1.1" 200 10179
[2018-03-08 14:07:19,759] [INFO] "GET /admin/jsi18n/ HTTP/1.1" 200 7758
[2018-03-08 14:14:59,315] [INFO] "GET /wallet/getaddress?user_id=112323232&coin_type=BCH&app_id=1&sign=61fdfc5714eeef49eba68b07e347a315 HTTP/1.1" 301 0
[2018-03-08 14:14:59,332] [INFO] "GET /wallet/getaddress/?user_id=112323232&coin_type=BCH&app_id=1&sign=61fdfc5714eeef49eba68b07e347a315 HTTP/1.1" 200 44
[2018-03-08 14:15:57,961] [INFO] "GET /wallet/getaddress?user_id=1234567&coin_type=BCH&app_id=1&sign=1b9017611c09e671c92cf64a4e194d2e HTTP/1.1" 301 0
[2018-03-08 14:15:57,969] [INFO] "GET /wallet/getaddress/?user_id=1234567&coin_type=BCH&app_id=1&sign=1b9017611c09e671c92cf64a4e194d2e HTTP/1.1" 200 44
[2018-03-08 14:17:50,795] [INFO] "GET /wallet/getaddress?user_id=1234567&coin_type=BCH&app_id=1&sign=0a154aca11ac34c6f12c32545494b03a HTTP/1.1" 301 0
[2018-03-08 14:17:50,802] [INFO] "GET /wallet/getaddress/?user_id=1234567&coin_type=BCH&app_id=1&sign=0a154aca11ac34c6f12c32545494b03a HTTP/1.1" 200 44
[2018-03-08 14:18:50,157] [INFO] "GET /wallet/getaddress?user_id=1234567&coin_type=BCH&app_id=1&sign=0a154aca11ac34c6f12c32545494b03a HTTP/1.1" 301 0
[2018-03-08 14:18:50,167] [INFO] "GET /wallet/getaddress/?user_id=1234567&coin_type=BCH&app_id=1&sign=0a154aca11ac34c6f12c32545494b03a HTTP/1.1" 200 44
[2018-03-08 14:19:06,036] [INFO] "GET /wallet/getaddress?user_id=1234567&coin_type=BCH&app_id=1&sign=0a154aca11ac34c6f12c32545494b03a HTTP/1.1" 301 0
[2018-03-08 14:19:06,046] [INFO] "GET /wallet/getaddress/?user_id=1234567&coin_type=BCH&app_id=1&sign=0a154aca11ac34c6f12c32545494b03a HTTP/1.1" 200 44
[2018-03-08 14:19:19,046] [INFO] "GET /wallet/getaddress?user_id=1234567&coin_type=BCH&app_id=1&sign=1da19a37702a0b42a2d31b6bd9e5b0e0 HTTP/1.1" 301 0
[2018-03-08 14:19:19,306] [INFO] "GET /wallet/getaddress/?user_id=1234567&coin_type=BCH&app_id=1&sign=1da19a37702a0b42a2d31b6bd9e5b0e0 HTTP/1.1" 200 140
[2018-03-08 14:19:26,497] [INFO] "GET /admin/walletapi/useraddress/ HTTP/1.1" 200 10735
[2018-03-08 14:19:26,519] [INFO] "GET /admin/jsi18n/ HTTP/1.1" 200 7758
[2018-03-08 14:22:14,661] [INFO] "GET /admin/walletapi/useraddress/ HTTP/1.1" 200 10735
[2018-03-08 14:22:14,680] [INFO] "GET /admin/jsi18n/ HTTP/1.1" 200 7758
[2018-03-08 14:22:16,982] [INFO] "GET /admin/walletapi/useraddress/3/change/ HTTP/1.1" 200 14120
[2018-03-08 14:22:17,012] [INFO] "GET /static/admin/css/forms.css HTTP/1.1" 304 0
[2018-03-08 14:22:17,017] [INFO] "GET /admin/jsi18n/ HTTP/1.1" 200 7758
[2018-03-08 14:22:17,341] [INFO] "GET /static/admin/img/icon-changelink.svg HTTP/1.1" 200 380
[2018-03-08 14:22:19,609] [INFO] "GET /admin/walletapi/useraddress/ HTTP/1.1" 200 10735
[2018-03-08 14:45:15,664] [INFO] "GET /wallet/getaddress?user_id=1234567&coin_type=BCH&app_id=1&sign=1da19a37702a0b42a2d31b6bd9e5b0e0 HTTP/1.1" 301 0
[2018-03-08 14:45:15,740] [INFO] "GET /wallet/getaddress/?user_id=1234567&coin_type=BCH&app_id=1&sign=1da19a37702a0b42a2d31b6bd9e5b0e0 HTTP/1.1" 200 140
[2018-03-08 14:45:18,269] [INFO] "GET /wallet/getaddress?user_id=1234567&coin_type=BCH&app_id=1&sign=1da19a37702a0b42a2d31b6bd9e5b0e0 HTTP/1.1" 301 0
[2018-03-08 14:45:18,279] [INFO] "GET /wallet/getaddress/?user_id=1234567&coin_type=BCH&app_id=1&sign=1da19a37702a0b42a2d31b6bd9e5b0e0 HTTP/1.1" 200 140
[2018-03-08 14:46:06,483] [INFO] "GET /wallet/getaddress?user_id=1234567&coin_type=BCH&app_id=1&sign=1da19a37702a0b42a2d31b6bd9e5b0e0&new_address=true HTTP/1.1" 301 0
[2018-03-08 14:46:06,499] [ERROR] Internal Server Error: /wallet/getaddress/
Traceback (most recent call last):
  File "E:\pythonvir\btwallet\lib\site-packages\django\core\handlers\exception.py", line 42, in inner
    response = get_response(request)
  File "E:\pythonvir\btwallet\lib\site-packages\django\core\handlers\base.py", line 187, in _get_response
    response = self.process_exception_by_middleware(e, request)
  File "E:\pythonvir\btwallet\lib\site-packages\django\core\handlers\base.py", line 185, in _get_response
    response = wrapped_callback(request, *callback_args, **callback_kwargs)
  File "E:\pythonvir\btwallet\lib\site-packages\django\views\decorators\csrf.py", line 58, in wrapped_view
    return view_func(*args, **kwargs)
  File "E:\pythonvir\btwallet\lib\site-packages\django\views\generic\base.py", line 68, in view
    return self.dispatch(request, *args, **kwargs)
  File "E:\pythonvir\btwallet\lib\site-packages\rest_framework\views.py", line 483, in dispatch
    response = self.handle_exception(exc)
  File "E:\pythonvir\btwallet\lib\site-packages\rest_framework\views.py", line 443, in handle_exception
    self.raise_uncaught_exception(exc)
  File "E:\pythonvir\btwallet\lib\site-packages\rest_framework\views.py", line 480, in dispatch
    response = handler(request, *args, **kwargs)
  File "F:\project\walletServer\apps\walletapi\views.py", line 80, in get
    if new_address == true or new_address == True:
NameError: global name 'true' is not defined
[2018-03-08 14:46:08,076] [ERROR] "GET /wallet/getaddress/?user_id=1234567&coin_type=BCH&app_id=1&sign=1da19a37702a0b42a2d31b6bd9e5b0e0&new_address=true HTTP/1.1" 500 16644
[2018-03-08 14:46:23,408] [INFO] "GET /wallet/getaddress?user_id=1234567&coin_type=BCH&app_id=1&sign=1da19a37702a0b42a2d31b6bd9e5b0e0&new_address=true HTTP/1.1" 301 0
[2018-03-08 14:46:23,427] [INFO] "GET /wallet/getaddress/?user_id=1234567&coin_type=BCH&app_id=1&sign=1da19a37702a0b42a2d31b6bd9e5b0e0&new_address=true HTTP/1.1" 200 140
[2018-03-08 14:46:25,582] [INFO] "GET /wallet/getaddress?user_id=1234567&coin_type=BCH&app_id=1&sign=1da19a37702a0b42a2d31b6bd9e5b0e0&new_address=true HTTP/1.1" 301 0
[2018-03-08 14:46:25,601] [INFO] "GET /wallet/getaddress/?user_id=1234567&coin_type=BCH&app_id=1&sign=1da19a37702a0b42a2d31b6bd9e5b0e0&new_address=true HTTP/1.1" 200 140
[2018-03-08 14:46:56,625] [INFO] "GET /wallet/getaddress?user_id=1234567&coin_type=BCH&app_id=1&sign=1da19a37702a0b42a2d31b6bd9e5b0e0&new_address=true HTTP/1.1" 301 0
[2018-03-08 14:46:57,012] [INFO] "GET /wallet/getaddress/?user_id=1234567&coin_type=BCH&app_id=1&sign=1da19a37702a0b42a2d31b6bd9e5b0e0&new_address=true HTTP/1.1" 200 140
[2018-03-08 14:46:58,130] [INFO] "GET /wallet/getaddress?user_id=1234567&coin_type=BCH&app_id=1&sign=1da19a37702a0b42a2d31b6bd9e5b0e0&new_address=true HTTP/1.1" 301 0
[2018-03-08 14:46:58,451] [INFO] "GET /wallet/getaddress/?user_id=1234567&coin_type=BCH&app_id=1&sign=1da19a37702a0b42a2d31b6bd9e5b0e0&new_address=true HTTP/1.1" 200 140
[2018-03-08 14:47:02,174] [INFO] "GET /wallet/getaddress?user_id=1234567&coin_type=BCH&app_id=1&sign=1da19a37702a0b42a2d31b6bd9e5b0e0 HTTP/1.1" 301 0
[2018-03-08 14:47:02,184] [INFO] "GET /wallet/getaddress/?user_id=1234567&coin_type=BCH&app_id=1&sign=1da19a37702a0b42a2d31b6bd9e5b0e0 HTTP/1.1" 200 140
[2018-03-08 14:47:02,987] [INFO] "GET /wallet/getaddress?user_id=1234567&coin_type=BCH&app_id=1&sign=1da19a37702a0b42a2d31b6bd9e5b0e0 HTTP/1.1" 301 0
[2018-03-08 14:47:02,997] [INFO] "GET /wallet/getaddress/?user_id=1234567&coin_type=BCH&app_id=1&sign=1da19a37702a0b42a2d31b6bd9e5b0e0 HTTP/1.1" 200 140
[2018-03-08 14:47:03,642] [INFO] "GET /wallet/getaddress?user_id=1234567&coin_type=BCH&app_id=1&sign=1da19a37702a0b42a2d31b6bd9e5b0e0 HTTP/1.1" 301 0
[2018-03-08 14:47:03,653] [INFO] "GET /wallet/getaddress/?user_id=1234567&coin_type=BCH&app_id=1&sign=1da19a37702a0b42a2d31b6bd9e5b0e0 HTTP/1.1" 200 140
[2018-03-08 14:47:05,961] [INFO] "GET /wallet/getaddress?user_id=1234567&coin_type=BCH&app_id=1&sign=1da19a37702a0b42a2d31b6bd9e5b0e0&new_address=true HTTP/1.1" 301 0
[2018-03-08 14:47:06,315] [INFO] "GET /wallet/getaddress/?user_id=1234567&coin_type=BCH&app_id=1&sign=1da19a37702a0b42a2d31b6bd9e5b0e0&new_address=true HTTP/1.1" 200 140
[2018-03-08 14:47:14,940] [INFO] "GET /admin/walletapi/useraddress/ HTTP/1.1" 200 12403
[2018-03-08 14:47:14,973] [INFO] "GET /admin/jsi18n/ HTTP/1.1" 200 7758
[2018-03-08 14:58:59,986] [INFO] "GET /admin/walletapi/userbalance/ HTTP/1.1" 200 8931
[2018-03-08 14:59:00,005] [INFO] "GET /admin/jsi18n/ HTTP/1.1" 200 7758
[2018-03-08 14:59:04,262] [INFO] "GET /admin/walletapi/useraddress/ HTTP/1.1" 200 12403
[2018-03-08 14:59:04,280] [INFO] "GET /admin/jsi18n/ HTTP/1.1" 200 7758
[2018-03-08 14:59:04,812] [INFO] "GET /admin/walletapi/userbalance/ HTTP/1.1" 200 8931
[2018-03-08 14:59:04,834] [INFO] "GET /admin/jsi18n/ HTTP/1.1" 200 7758
[2018-03-08 14:59:10,395] [INFO] "GET /admin/walletapi/useraddress/ HTTP/1.1" 200 12403
[2018-03-08 14:59:10,423] [INFO] "GET /admin/jsi18n/ HTTP/1.1" 200 7758
[2018-03-08 14:59:11,286] [INFO] "GET /admin/walletapi/userbalance/ HTTP/1.1" 200 8931
[2018-03-08 14:59:11,305] [INFO] "GET /admin/jsi18n/ HTTP/1.1" 200 7758
[2018-03-08 14:59:12,484] [INFO] "GET /admin/walletapi/useraddress/ HTTP/1.1" 200 12403
[2018-03-08 14:59:12,503] [INFO] "GET /admin/jsi18n/ HTTP/1.1" 200 7758
[2018-03-08 14:59:13,214] [INFO] "GET /admin/walletapi/userbalance/ HTTP/1.1" 200 8931
[2018-03-08 14:59:13,236] [INFO] "GET /admin/jsi18n/ HTTP/1.1" 200 7758
[2018-03-08 14:59:14,039] [INFO] "GET /admin/walletapi/useraddress/ HTTP/1.1" 200 12403
[2018-03-08 14:59:14,053] [INFO] "GET /admin/jsi18n/ HTTP/1.1" 200 7758
[2018-03-08 14:59:15,588] [INFO] "GET /admin/walletapi/userbalance/ HTTP/1.1" 200 8931
[2018-03-08 14:59:15,607] [INFO] "GET /admin/jsi18n/ HTTP/1.1" 200 7758
[2018-03-08 14:59:17,759] [INFO] "GET /admin/walletapi/cointype/ HTTP/1.1" 200 9095
[2018-03-08 14:59:17,775] [INFO] "GET /admin/jsi18n/ HTTP/1.1" 200 7758
[2018-03-08 14:59:19,743] [INFO] "GET /admin/walletapi/apicallback/ HTTP/1.1" 200 8023
[2018-03-08 14:59:19,763] [INFO] "GET /admin/jsi18n/ HTTP/1.1" 200 7758
[2018-03-08 14:59:21,398] [INFO] "GET /admin/walletapi/appuserrecharge/ HTTP/1.1" 200 8032
[2018-03-08 14:59:21,414] [INFO] "GET /admin/jsi18n/ HTTP/1.1" 200 7758
[2018-03-08 14:59:22,605] [INFO] "GET /admin/walletapi/cointype/ HTTP/1.1" 200 9095
[2018-03-08 14:59:22,625] [INFO] "GET /admin/jsi18n/ HTTP/1.1" 200 7758
[2018-03-08 14:59:25,013] [INFO] "GET /admin/walletapi/appuserrecharge/ HTTP/1.1" 200 8032
[2018-03-08 14:59:25,039] [INFO] "GET /admin/jsi18n/ HTTP/1.1" 200 7758
[2018-03-08 14:59:26,706] [INFO] "GET /admin/walletapi/appuserrecharge/1/change/ HTTP/1.1" 200 16207
[2018-03-08 14:59:26,727] [INFO] "GET /admin/jsi18n/ HTTP/1.1" 200 7758
[2018-03-08 14:59:33,667] [INFO] "GET /admin/walletapi/appuserrecharge/ HTTP/1.1" 200 8032
[2018-03-08 14:59:42,427] [INFO] "GET /admin/walletapi/transactionsid/ HTTP/1.1" 200 9739
[2018-03-08 14:59:42,447] [INFO] "GET /admin/jsi18n/ HTTP/1.1" 200 7758
[2018-03-08 14:59:48,671] [INFO] "GET /admin/walletapi/useraddress/ HTTP/1.1" 200 12403
[2018-03-08 14:59:48,688] [INFO] "GET /admin/jsi18n/ HTTP/1.1" 200 7758
[2018-03-08 15:00:03,299] [INFO] "GET /admin/walletapi/useraddress/ HTTP/1.1" 200 12403
[2018-03-08 15:00:03,325] [INFO] "GET /admin/jsi18n/ HTTP/1.1" 200 7758
[2018-03-08 15:00:28,055] [INFO] "GET /admin/walletapi/transactionsid/ HTTP/1.1" 200 9739
[2018-03-08 15:00:28,078] [INFO] "GET /admin/jsi18n/ HTTP/1.1" 200 7758
[2018-03-08 15:00:29,437] [INFO] "GET /admin/walletapi/transactionsid/add/ HTTP/1.1" 200 9822
[2018-03-08 15:00:29,456] [INFO] "GET /admin/jsi18n/ HTTP/1.1" 200 7758
[2018-03-08 15:00:33,928] [INFO] "POST /admin/walletapi/transactionsid/add/ HTTP/1.1" 302 0
[2018-03-08 15:00:33,994] [INFO] "GET /admin/walletapi/transactionsid/ HTTP/1.1" 200 10657
[2018-03-08 15:00:34,019] [INFO] "GET /admin/jsi18n/ HTTP/1.1" 200 7758
[2018-03-08 15:00:37,674] [INFO] "GET /admin/walletapi/appuserrecharge/ HTTP/1.1" 200 8032
[2018-03-08 15:00:37,693] [INFO] "GET /admin/jsi18n/ HTTP/1.1" 200 7758
[2018-03-08 15:00:44,841] [INFO] "GET /admin/walletapi/transactionsid/ HTTP/1.1" 200 10155
[2018-03-08 15:00:44,858] [INFO] "GET /admin/jsi18n/ HTTP/1.1" 200 7758
[2018-03-08 15:00:47,381] [INFO] "GET /admin/walletapi/useraddress/ HTTP/1.1" 200 12403
[2018-03-08 15:00:47,401] [INFO] "GET /admin/jsi18n/ HTTP/1.1" 200 7758
[2018-03-08 15:01:16,717] [INFO] "GET /admin/walletapi/cointype/ HTTP/1.1" 200 9095
[2018-03-08 15:01:16,740] [INFO] "GET /admin/jsi18n/ HTTP/1.1" 200 7758
[2018-03-08 15:01:17,408] [INFO] "GET /admin/walletapi/userbalance/ HTTP/1.1" 200 8931
[2018-03-08 15:01:17,430] [INFO] "GET /admin/jsi18n/ HTTP/1.1" 200 7758
[2018-03-08 15:01:20,346] [INFO] "GET /admin/walletapi/cointype/ HTTP/1.1" 200 9095
[2018-03-08 15:01:20,361] [INFO] "GET /admin/jsi18n/ HTTP/1.1" 200 7758
[2018-03-08 15:01:20,911] [INFO] "GET /admin/walletapi/userbalance/ HTTP/1.1" 200 8931
[2018-03-08 15:01:20,930] [INFO] "GET /admin/jsi18n/ HTTP/1.1" 200 7758
[2018-03-08 15:01:23,516] [INFO] "GET /admin/walletapi/useraddress/ HTTP/1.1" 200 12403
[2018-03-08 15:01:23,532] [INFO] "GET /admin/jsi18n/ HTTP/1.1" 200 7758
[2018-03-08 15:01:25,776] [INFO] "GET /admin/walletapi/useraddress/ HTTP/1.1" 200 12403
[2018-03-08 15:01:25,796] [INFO] "GET /admin/jsi18n/ HTTP/1.1" 200 7758
[2018-03-08 15:01:32,035] [INFO] "GET /admin/walletapi/transactionsid/ HTTP/1.1" 200 10155
[2018-03-08 15:01:32,053] [INFO] "GET /admin/jsi18n/ HTTP/1.1" 200 7758
[2018-03-08 15:02:40,904] [INFO] "GET /admin/walletapi/transactionsid/add/ HTTP/1.1" 200 9822
[2018-03-08 15:02:40,924] [INFO] "GET /admin/jsi18n/ HTTP/1.1" 200 7758
[2018-03-08 15:02:45,308] [INFO] "POST /admin/walletapi/transactionsid/add/ HTTP/1.1" 302 0
[2018-03-08 15:02:45,384] [INFO] "GET /admin/walletapi/transactionsid/ HTTP/1.1" 200 11073
[2018-03-08 15:02:45,405] [INFO] "GET /admin/jsi18n/ HTTP/1.1" 200 7758
[2018-03-08 15:02:56,391] [INFO] "GET /admin/walletapi/transactionsid/ HTTP/1.1" 200 10571
[2018-03-08 15:02:56,418] [INFO] "GET /admin/jsi18n/ HTTP/1.1" 200 7758
[2018-03-08 15:02:58,233] [INFO] "GET /admin/walletapi/userbalance/ HTTP/1.1" 200 8931
[2018-03-08 15:02:58,249] [INFO] "GET /admin/jsi18n/ HTTP/1.1" 200 7758
[2018-03-08 15:03:07,812] [INFO] "GET /admin/walletapi/useraddress/ HTTP/1.1" 200 12403
[2018-03-08 15:03:07,832] [INFO] "GET /admin/jsi18n/ HTTP/1.1" 200 7758
[2018-03-08 15:07:20,634] [INFO] "GET /admin/walletapi/transactionsid/ HTTP/1.1" 200 10571
[2018-03-08 15:07:20,654] [INFO] "GET /admin/jsi18n/ HTTP/1.1" 200 7758
[2018-03-08 15:07:21,953] [INFO] "GET /admin/walletapi/transactionsid/add/ HTTP/1.1" 200 9822
[2018-03-08 15:07:21,970] [INFO] "GET /admin/jsi18n/ HTTP/1.1" 200 7758
[2018-03-08 15:07:26,349] [INFO] "POST /admin/walletapi/transactionsid/add/ HTTP/1.1" 302 0
[2018-03-08 15:07:26,430] [INFO] "GET /admin/walletapi/transactionsid/ HTTP/1.1" 200 11489
[2018-03-08 15:07:26,451] [INFO] "GET /admin/jsi18n/ HTTP/1.1" 200 7758
[2018-03-08 15:07:28,019] [INFO] "GET /admin/walletapi/appuserrecharge/ HTTP/1.1" 200 8032
[2018-03-08 15:07:28,039] [INFO] "GET /admin/jsi18n/ HTTP/1.1" 200 7758
[2018-03-08 15:07:32,381] [INFO] "GET /admin/walletapi/appuserrecharge/1/change/ HTTP/1.1" 200 16207
[2018-03-08 15:07:32,401] [INFO] "GET /admin/jsi18n/ HTTP/1.1" 200 7758
[2018-03-08 15:07:34,711] [INFO] "GET /admin/walletapi/appuserrecharge/ HTTP/1.1" 200 8032
[2018-03-08 15:07:44,969] [INFO] "GET /admin/walletapi/appuserrecharge/ HTTP/1.1" 200 8277
[2018-03-08 15:07:44,987] [INFO] "GET /admin/jsi18n/ HTTP/1.1" 200 7758
[2018-03-08 15:07:46,753] [INFO] "GET /admin/walletapi/userbalance/ HTTP/1.1" 200 8931
[2018-03-08 15:07:46,779] [INFO] "GET /admin/jsi18n/ HTTP/1.1" 200 7758
[2018-03-08 15:07:51,961] [INFO] "GET /admin/walletapi/userbalance/ HTTP/1.1" 200 8931
[2018-03-08 15:07:51,983] [INFO] "GET /admin/jsi18n/ HTTP/1.1" 200 7758
[2018-03-08 15:08:02,160] [INFO] "GET /admin/walletapi/appuserrecharge/ HTTP/1.1" 200 8277
[2018-03-08 15:08:02,180] [INFO] "GET /admin/jsi18n/ HTTP/1.1" 200 7758
[2018-03-08 15:08:03,326] [INFO] "GET /admin/walletapi/appuserrecharge/2/change/ HTTP/1.1" 200 16202
[2018-03-08 15:08:03,346] [INFO] "GET /admin/jsi18n/ HTTP/1.1" 200 7758
[2018-03-08 15:08:11,767] [INFO] "GET /admin/walletapi/appuserrecharge/ HTTP/1.1" 200 8277
[2018-03-08 15:08:12,673] [INFO] "GET /admin/walletapi/userbalance/ HTTP/1.1" 200 8931
[2018-03-08 15:08:12,693] [INFO] "GET /admin/jsi18n/ HTTP/1.1" 200 7758
[2018-03-08 15:08:31,059] [INFO] "GET /admin/walletapi/appuserrecharge/ HTTP/1.1" 200 8277
[2018-03-08 15:08:31,079] [INFO] "GET /admin/jsi18n/ HTTP/1.1" 200 7758
[2018-03-08 15:08:32,206] [INFO] "GET /admin/walletapi/appuserrecharge/2/change/ HTTP/1.1" 200 16202
[2018-03-08 15:08:32,223] [INFO] "GET /admin/jsi18n/ HTTP/1.1" 200 7758
[2018-03-08 15:09:37,717] [INFO] "GET /admin/walletapi/transactionsid/ HTTP/1.1" 200 10987
[2018-03-08 15:09:37,737] [INFO] "GET /admin/jsi18n/ HTTP/1.1" 200 7758
[2018-03-08 15:09:43,740] [INFO] "GET /admin/walletapi/appuserrecharge/ HTTP/1.1" 200 8277
[2018-03-08 15:09:43,762] [INFO] "GET /admin/jsi18n/ HTTP/1.1" 200 7758
[2018-03-08 15:09:45,841] [INFO] "GET /admin/walletapi/appuserrecharge/2/change/ HTTP/1.1" 200 16202
[2018-03-08 15:09:45,861] [INFO] "GET /admin/jsi18n/ HTTP/1.1" 200 7758
[2018-03-08 15:09:47,767] [INFO] "GET /admin/walletapi/appuserrecharge/ HTTP/1.1" 200 8277
[2018-03-08 15:09:48,677] [INFO] "GET /admin/walletapi/appuserrecharge/1/change/ HTTP/1.1" 200 16207
[2018-03-08 15:09:48,696] [INFO] "GET /admin/jsi18n/ HTTP/1.1" 200 7758
[2018-03-08 15:09:50,506] [INFO] "GET /admin/walletapi/appuserrecharge/ HTTP/1.1" 200 8277
[2018-03-08 15:11:32,266] [INFO] "GET /admin/walletapi/transactionsid/ HTTP/1.1" 200 10987
[2018-03-08 15:11:32,286] [INFO] "GET /admin/jsi18n/ HTTP/1.1" 200 7758
[2018-03-08 15:11:46,223] [INFO] "GET /admin/walletapi/transactionsid/add/ HTTP/1.1" 200 9822
[2018-03-08 15:11:46,243] [INFO] "GET /admin/jsi18n/ HTTP/1.1" 200 7758
[2018-03-08 15:11:49,911] [INFO] "POST /admin/walletapi/transactionsid/add/ HTTP/1.1" 302 0
[2018-03-08 15:11:49,976] [INFO] "GET /admin/walletapi/transactionsid/ HTTP/1.1" 200 11905
[2018-03-08 15:11:49,996] [INFO] "GET /admin/jsi18n/ HTTP/1.1" 200 7758
[2018-03-08 15:11:54,862] [INFO] "GET /admin/walletapi/transactionsid/add/ HTTP/1.1" 200 9822
[2018-03-08 15:11:54,882] [INFO] "GET /admin/jsi18n/ HTTP/1.1" 200 7758
[2018-03-08 15:11:58,180] [INFO] "POST /admin/walletapi/transactionsid/add/ HTTP/1.1" 302 0
[2018-03-08 15:11:58,244] [INFO] "GET /admin/walletapi/transactionsid/ HTTP/1.1" 200 12321
[2018-03-08 15:11:58,266] [INFO] "GET /admin/jsi18n/ HTTP/1.1" 200 7758
[2018-03-08 15:12:39,740] [INFO] "GET /admin/walletapi/userbalance/ HTTP/1.1" 200 8931
[2018-03-08 15:12:39,776] [INFO] "GET /admin/jsi18n/ HTTP/1.1" 200 7758
[2018-03-08 15:12:41,316] [INFO] "GET /admin/walletapi/userbalance/ HTTP/1.1" 200 8931
[2018-03-08 15:12:41,334] [INFO] "GET /admin/jsi18n/ HTTP/1.1" 200 7758
[2018-03-08 15:12:49,267] [INFO] "GET /admin/walletapi/userbalance/ HTTP/1.1" 200 8931
[2018-03-08 15:12:49,289] [INFO] "GET /admin/jsi18n/ HTTP/1.1" 200 7758
[2018-03-08 15:15:32,288] [INFO] "GET /admin/walletapi/userbalance/ HTTP/1.1" 200 8931
[2018-03-08 15:15:32,308] [INFO] "GET /admin/jsi18n/ HTTP/1.1" 200 7758
[2018-03-08 15:15:32,861] [INFO] "GET /admin/walletapi/userbalance/ HTTP/1.1" 200 8931
[2018-03-08 15:15:32,878] [INFO] "GET /admin/jsi18n/ HTTP/1.1" 200 7758
[2018-03-08 15:15:32,993] [INFO] "GET /admin/walletapi/userbalance/ HTTP/1.1" 200 8931
[2018-03-08 15:15:33,009] [INFO] "GET /admin/jsi18n/ HTTP/1.1" 200 7758
[2018-03-08 15:15:38,674] [INFO] "GET /admin/walletapi/userbalance/ HTTP/1.1" 200 8931
[2018-03-08 15:15:38,693] [INFO] "GET /admin/jsi18n/ HTTP/1.1" 200 7758
[2018-03-08 15:15:39,242] [INFO] "GET /admin/walletapi/userbalance/ HTTP/1.1" 200 8931
[2018-03-08 15:15:39,260] [INFO] "GET /admin/jsi18n/ HTTP/1.1" 200 7758
[2018-03-08 15:15:39,506] [INFO] "GET /admin/walletapi/userbalance/ HTTP/1.1" 200 8931
[2018-03-08 15:15:39,529] [INFO] "GET /admin/jsi18n/ HTTP/1.1" 200 7758
[2018-03-08 15:15:43,144] [INFO] "GET /admin/walletapi/userbalance/1/change/ HTTP/1.1" 200 10281
[2018-03-08 15:15:43,164] [INFO] "GET /admin/jsi18n/ HTTP/1.1" 200 7758
[2018-03-08 15:15:47,207] [INFO] "POST /admin/walletapi/userbalance/1/change/ HTTP/1.1" 302 0
[2018-03-08 15:15:47,262] [INFO] "GET /admin/walletapi/userbalance/ HTTP/1.1" 200 9353
[2018-03-08 15:15:47,282] [INFO] "GET /admin/jsi18n/ HTTP/1.1" 200 7758
[2018-03-08 15:15:50,878] [INFO] "GET /admin/walletapi/apicallback/ HTTP/1.1" 200 8023
[2018-03-08 15:15:50,897] [INFO] "GET /admin/jsi18n/ HTTP/1.1" 200 7758
[2018-03-08 15:15:52,924] [INFO] "GET /admin/walletapi/appuserrecharge/ HTTP/1.1" 200 8277
[2018-03-08 15:15:52,944] [INFO] "GET /admin/jsi18n/ HTTP/1.1" 200 7758
[2018-03-08 15:15:54,266] [INFO] "GET /admin/walletapi/appuserrecharge/2/change/ HTTP/1.1" 200 16202
[2018-03-08 15:15:54,288] [INFO] "GET /admin/jsi18n/ HTTP/1.1" 200 7758
[2018-03-08 15:15:56,431] [INFO] "GET /admin/walletapi/appuserrecharge/2/change/ HTTP/1.1" 200 16202
[2018-03-08 15:15:56,453] [INFO] "GET /admin/jsi18n/ HTTP/1.1" 200 7758
[2018-03-08 15:18:33,058] [INFO] "GET /admin/walletapi/appuserrecharge/2/change/ HTTP/1.1" 200 16202
[2018-03-08 15:18:33,075] [INFO] "GET /admin/jsi18n/ HTTP/1.1" 200 7758
[2018-03-08 15:18:33,946] [INFO] "GET /admin/walletapi/appuserrecharge/2/change/ HTTP/1.1" 200 16202
[2018-03-08 15:18:33,961] [INFO] "GET /admin/jsi18n/ HTTP/1.1" 200 7758
[2018-03-08 15:18:37,023] [INFO] "GET /admin/walletapi/userbalance/ HTTP/1.1" 200 9243
[2018-03-08 15:18:37,045] [INFO] "GET /admin/jsi18n/ HTTP/1.1" 200 7758
[2018-03-08 15:18:39,269] [INFO] "GET /admin/walletapi/userbalance/ HTTP/1.1" 200 9243
[2018-03-08 15:18:39,289] [INFO] "GET /admin/jsi18n/ HTTP/1.1" 200 7758
[2018-03-08 15:18:40,798] [INFO] "GET /admin/walletapi/appuserrecharge/ HTTP/1.1" 200 8277
[2018-03-08 15:18:40,826] [INFO] "GET /admin/jsi18n/ HTTP/1.1" 200 7758
[2018-03-08 15:18:42,309] [INFO] "GET /admin/walletapi/appuserrecharge/ HTTP/1.1" 200 8277
[2018-03-08 15:18:42,326] [INFO] "GET /admin/jsi18n/ HTTP/1.1" 200 7758
[2018-03-08 15:18:43,203] [INFO] "GET /admin/walletapi/appuserrecharge/2/change/ HTTP/1.1" 200 16202
[2018-03-08 15:18:43,226] [INFO] "GET /admin/jsi18n/ HTTP/1.1" 200 7758
[2018-03-08 15:18:44,638] [INFO] "GET /admin/walletapi/appuserrecharge/2/change/ HTTP/1.1" 200 16202
[2018-03-08 15:18:44,655] [INFO] "GET /admin/jsi18n/ HTTP/1.1" 200 7758
[2018-03-08 15:19:23,387] [INFO] "GET /admin/walletapi/appuserrecharge/2/change/ HTTP/1.1" 200 16202
[2018-03-08 15:19:23,407] [INFO] "GET /admin/jsi18n/ HTTP/1.1" 200 7758
[2018-03-08 15:19:24,105] [INFO] "GET /admin/walletapi/appuserrecharge/2/change/ HTTP/1.1" 200 16202
[2018-03-08 15:19:24,125] [INFO] "GET /admin/jsi18n/ HTTP/1.1" 200 7758
[2018-03-08 15:19:24,346] [INFO] "GET /admin/walletapi/appuserrecharge/2/change/ HTTP/1.1" 200 16202
[2018-03-08 15:19:24,367] [INFO] "GET /admin/jsi18n/ HTTP/1.1" 200 7758
[2018-03-08 15:19:24,496] [INFO] "GET /admin/walletapi/appuserrecharge/2/change/ HTTP/1.1" 200 16202
[2018-03-08 15:19:24,513] [INFO] "GET /admin/jsi18n/ HTTP/1.1" 200 7758
[2018-03-08 15:19:24,770] [INFO] "GET /admin/walletapi/appuserrecharge/2/change/ HTTP/1.1" 200 16202
[2018-03-08 15:19:24,788] [INFO] "GET /admin/jsi18n/ HTTP/1.1" 200 7758
[2018-03-08 15:19:25,065] [INFO] "GET /admin/walletapi/appuserrecharge/2/change/ HTTP/1.1" 200 16202
[2018-03-08 15:19:25,081] [INFO] "GET /admin/jsi18n/ HTTP/1.1" 200 7758
[2018-03-08 15:25:06,194] [INFO] "GET /admin/walletapi/appuserrecharge/2/change/ HTTP/1.1" 200 16202
[2018-03-08 15:25:06,217] [INFO] "GET /admin/jsi18n/ HTTP/1.1" 200 7758
[2018-03-08 15:25:06,976] [INFO] "GET /admin/walletapi/appuserrecharge/2/change/ HTTP/1.1" 200 16202
[2018-03-08 15:25:06,996] [INFO] "GET /admin/jsi18n/ HTTP/1.1" 200 7758
[2018-03-08 15:25:07,204] [INFO] "GET /admin/walletapi/appuserrecharge/2/change/ HTTP/1.1" 200 16202
[2018-03-08 15:25:07,221] [INFO] "GET /admin/jsi18n/ HTTP/1.1" 200 7758
[2018-03-08 15:25:10,578] [INFO] "GET /admin/walletapi/appuserrecharge/ HTTP/1.1" 200 8277
[2018-03-08 15:25:12,289] [INFO] "GET /admin/walletapi/appuserrecharge/1/change/ HTTP/1.1" 200 16207
[2018-03-08 15:25:12,305] [INFO] "GET /admin/jsi18n/ HTTP/1.1" 200 7758
[2018-03-08 15:25:16,782] [INFO] "GET /admin/walletapi/appuserrecharge/1/change/ HTTP/1.1" 200 16207
[2018-03-08 15:25:16,802] [INFO] "GET /admin/jsi18n/ HTTP/1.1" 200 7758
[2018-03-08 15:25:17,815] [INFO] "GET /admin/walletapi/appuserrecharge/ HTTP/1.1" 200 8277
[2018-03-08 15:25:19,510] [INFO] "GET /admin/walletapi/appuserrecharge/2/change/ HTTP/1.1" 200 16202
[2018-03-08 15:25:19,533] [INFO] "GET /admin/jsi18n/ HTTP/1.1" 200 7758
[2018-03-08 15:25:22,913] [INFO] "GET /admin/walletapi/appuserrecharge/2/change/ HTTP/1.1" 200 16202
[2018-03-08 15:25:22,933] [INFO] "GET /admin/jsi18n/ HTTP/1.1" 200 7758
[2018-03-08 15:25:39,743] [INFO] "GET /admin/walletapi/transactionsid/ HTTP/1.1" 200 11819
[2018-03-08 15:25:39,766] [INFO] "GET /admin/jsi18n/ HTTP/1.1" 200 7758
[2018-03-08 15:25:43,174] [INFO] "GET /admin/walletapi/transactionsid/4/change/ HTTP/1.1" 200 10427
[2018-03-08 15:25:43,191] [INFO] "GET /admin/jsi18n/ HTTP/1.1" 200 7758
[2018-03-08 15:25:45,092] [INFO] "POST /admin/walletapi/transactionsid/4/change/ HTTP/1.1" 302 0
[2018-03-08 15:25:45,174] [INFO] "GET /admin/walletapi/transactionsid/ HTTP/1.1" 200 12321
[2018-03-08 15:25:45,206] [INFO] "GET /admin/jsi18n/ HTTP/1.1" 200 7758
[2018-03-08 15:25:46,493] [INFO] "GET /admin/walletapi/appuserrecharge/ HTTP/1.1" 200 8277
[2018-03-08 15:25:46,512] [INFO] "GET /admin/jsi18n/ HTTP/1.1" 200 7758
[2018-03-08 15:25:52,676] [INFO] "GET /admin/walletapi/appuserrecharge/2/change/ HTTP/1.1" 200 16202
[2018-03-08 15:25:52,698] [INFO] "GET /admin/jsi18n/ HTTP/1.1" 200 7758
[2018-03-08 15:25:55,828] [INFO] "GET /admin/walletapi/appuserrecharge/ HTTP/1.1" 200 8277
[2018-03-08 15:26:57,973] [INFO] "GET /admin/walletapi/appuserrecharge/ HTTP/1.1" 200 8277
[2018-03-08 15:26:57,993] [INFO] "GET /admin/jsi18n/ HTTP/1.1" 200 7758
[2018-03-08 15:26:59,000] [INFO] "GET /admin/walletapi/appuserrecharge/2/change/ HTTP/1.1" 200 16202
[2018-03-08 15:26:59,020] [INFO] "GET /admin/jsi18n/ HTTP/1.1" 200 7758
[2018-03-08 15:27:01,989] [INFO] "GET /admin/walletapi/appuserrecharge/2/change/ HTTP/1.1" 200 16202
[2018-03-08 15:27:02,015] [INFO] "GET /admin/jsi18n/ HTTP/1.1" 200 7758
[2018-03-08 15:27:07,861] [INFO] "GET /admin/walletapi/transactionsid/ HTTP/1.1" 200 11819
[2018-03-08 15:27:07,884] [INFO] "GET /admin/jsi18n/ HTTP/1.1" 200 7758
[2018-03-08 15:27:13,394] [INFO] "GET /admin/walletapi/appuserrecharge/2/change/ HTTP/1.1" 200 16202
[2018-03-08 15:27:18,519] [INFO] "GET /admin/walletapi/transactionsid/ HTTP/1.1" 200 11819
[2018-03-08 15:27:18,546] [INFO] "GET /admin/jsi18n/ HTTP/1.1" 200 7758
[2018-03-08 15:27:20,229] [INFO] "GET /admin/walletapi/transactionsid/ HTTP/1.1" 200 11819
[2018-03-08 15:27:20,250] [INFO] "GET /admin/jsi18n/ HTTP/1.1" 200 7758
[2018-03-08 15:27:40,969] [INFO] "GET /admin/walletapi/userbalance/ HTTP/1.1" 200 9243
[2018-03-08 15:27:40,990] [INFO] "GET /admin/jsi18n/ HTTP/1.1" 200 7758
[2018-03-08 15:27:43,151] [INFO] "GET /admin/walletapi/userbalance/ HTTP/1.1" 200 9243
[2018-03-08 15:27:43,171] [INFO] "GET /admin/jsi18n/ HTTP/1.1" 200 7758
[2018-03-08 15:27:44,628] [INFO] "GET /admin/walletapi/userbalance/2/change/ HTTP/1.1" 200 10266
[2018-03-08 15:27:44,648] [INFO] "GET /admin/jsi18n/ HTTP/1.1" 200 7758
[2018-03-08 15:27:48,190] [INFO] "POST /admin/walletapi/userbalance/2/change/ HTTP/1.1" 302 0
[2018-03-08 15:27:48,272] [INFO] "GET /admin/walletapi/userbalance/ HTTP/1.1" 200 9655
[2018-03-08 15:27:48,293] [INFO] "GET /admin/jsi18n/ HTTP/1.1" 200 7758
[2018-03-08 15:27:50,236] [INFO] "GET /admin/walletapi/userbalance/ HTTP/1.1" 200 9243
[2018-03-08 15:27:50,252] [INFO] "GET /admin/jsi18n/ HTTP/1.1" 200 7758
[2018-03-08 15:27:56,994] [INFO] "GET /admin/walletapi/userbalance/ HTTP/1.1" 200 9243
[2018-03-08 15:27:57,016] [INFO] "GET /admin/jsi18n/ HTTP/1.1" 200 7758
[2018-03-08 15:27:57,529] [INFO] "GET /admin/walletapi/userbalance/ HTTP/1.1" 200 9243
[2018-03-08 15:27:57,549] [INFO] "GET /admin/jsi18n/ HTTP/1.1" 200 7758
[2018-03-08 15:27:57,657] [INFO] "GET /admin/walletapi/userbalance/ HTTP/1.1" 200 9243
[2018-03-08 15:27:57,676] [INFO] "GET /admin/jsi18n/ HTTP/1.1" 200 7758
[2018-03-08 15:27:58,214] [INFO] "GET /admin/walletapi/appuserrecharge/ HTTP/1.1" 200 8277
[2018-03-08 15:27:58,232] [INFO] "GET /admin/jsi18n/ HTTP/1.1" 200 7758
[2018-03-08 15:27:59,569] [INFO] "GET /admin/walletapi/appuserrecharge/2/change/ HTTP/1.1" 200 16202
[2018-03-08 15:27:59,588] [INFO] "GET /admin/jsi18n/ HTTP/1.1" 200 7758
[2018-03-08 15:28:02,990] [INFO] "GET /admin/walletapi/appuserrecharge/ HTTP/1.1" 200 8277
[2018-03-08 15:28:04,180] [INFO] "GET /admin/walletapi/appuserrecharge/1/change/ HTTP/1.1" 200 16207
[2018-03-08 15:28:04,200] [INFO] "GET /admin/jsi18n/ HTTP/1.1" 200 7758
[2018-03-08 15:28:06,496] [INFO] "GET /admin/walletapi/appuserrecharge/ HTTP/1.1" 200 8277
[2018-03-08 15:28:11,990] [INFO] "GET /admin/walletapi/transactionsid/ HTTP/1.1" 200 11819
[2018-03-08 15:28:12,036] [INFO] "GET /admin/jsi18n/ HTTP/1.1" 200 7758
[2018-03-08 15:28:16,954] [INFO] "GET /admin/walletapi/userbalance/ HTTP/1.1" 200 9243
[2018-03-08 15:28:16,976] [INFO] "GET /admin/jsi18n/ HTTP/1.1" 200 7758
[2018-03-08 15:28:18,042] [INFO] "GET /admin/walletapi/useraddress/ HTTP/1.1" 200 12403
[2018-03-08 15:28:18,062] [INFO] "GET /admin/jsi18n/ HTTP/1.1" 200 7758
[2018-03-08 15:28:19,526] [INFO] "GET /admin/walletapi/userbalance/ HTTP/1.1" 200 9243
[2018-03-08 15:28:19,546] [INFO] "GET /admin/jsi18n/ HTTP/1.1" 200 7758
[2018-03-08 15:28:23,232] [INFO] "GET /admin/walletapi/userbalance/?q=1234567 HTTP/1.1" 200 9285
[2018-03-08 15:28:23,250] [INFO] "GET /admin/jsi18n/ HTTP/1.1" 200 7758
[2018-03-08 15:28:25,986] [INFO] "GET /admin/walletapi/userbalance/ HTTP/1.1" 200 9243
[2018-03-08 15:52:16,203] [INFO] "GET /wallet/getaddress?user_id=1234567&coin_type=BCH&app_id=1&sign=1da19a37702a0b42a2d31b6bd9e5b0e0&new_address=true HTTP/1.1" 301 0
[2018-03-08 15:52:16,575] [INFO] "GET /wallet/getaddress/?user_id=1234567&coin_type=BCH&app_id=1&sign=1da19a37702a0b42a2d31b6bd9e5b0e0&new_address=true HTTP/1.1" 200 140
[2018-03-08 15:52:19,329] [INFO] "GET /wallet/getaddress?user_id=1234567&coin_type=BCH&app_id=1&sign=1da19a37702a0b42a2d31b6bd9e5b0e0 HTTP/1.1" 301 0
[2018-03-08 15:52:19,341] [INFO] "GET /wallet/getaddress/?user_id=1234567&coin_type=BCH&app_id=1&sign=1da19a37702a0b42a2d31b6bd9e5b0e0 HTTP/1.1" 200 140
[2018-03-08 15:52:21,707] [INFO] "GET /wallet/getaddress?user_id=1234567&coin_type=BCH&app_id=1&sign=1da19a37702a0b42a2d31b6bd9e5b0e0 HTTP/1.1" 301 0
[2018-03-08 15:52:21,723] [INFO] "GET /wallet/getaddress/?user_id=1234567&coin_type=BCH&app_id=1&sign=1da19a37702a0b42a2d31b6bd9e5b0e0 HTTP/1.1" 200 140
[2018-03-08 16:02:22,460] [INFO] "GET /admin/walletapi/cointype/ HTTP/1.1" 200 9095
[2018-03-08 16:02:22,486] [INFO] "GET /admin/jsi18n/ HTTP/1.1" 200 7758
[2018-03-08 16:02:23,448] [INFO] "GET /admin/walletapi/apicallback/ HTTP/1.1" 200 8023
[2018-03-08 16:02:23,476] [INFO] "GET /admin/jsi18n/ HTTP/1.1" 200 7758
[2018-03-08 16:02:24,440] [INFO] "GET /admin/walletapi/appuserrecharge/ HTTP/1.1" 200 8277
[2018-03-08 16:02:24,461] [INFO] "GET /admin/jsi18n/ HTTP/1.1" 200 7758
[2018-03-08 16:02:26,997] [INFO] "GET /admin/walletapi/transactionsid/ HTTP/1.1" 200 11819
[2018-03-08 16:02:27,019] [INFO] "GET /admin/jsi18n/ HTTP/1.1" 200 7758
[2018-03-08 16:02:30,507] [INFO] "GET /admin/walletapi/appuserrecharge/ HTTP/1.1" 200 8277
[2018-03-08 16:02:30,528] [INFO] "GET /admin/jsi18n/ HTTP/1.1" 200 7758
[2018-03-08 16:02:31,496] [INFO] "GET /admin/walletapi/apicallback/ HTTP/1.1" 200 8023
[2018-03-08 16:02:31,516] [INFO] "GET /admin/jsi18n/ HTTP/1.1" 200 7758
[2018-03-08 16:02:32,075] [INFO] "GET /admin/walletapi/cointype/ HTTP/1.1" 200 9095
[2018-03-08 16:02:32,095] [INFO] "GET /admin/jsi18n/ HTTP/1.1" 200 7758
[2018-03-08 16:02:32,506] [INFO] "GET /admin/walletapi/useraddress/ HTTP/1.1" 200 12959
[2018-03-08 16:02:32,528] [INFO] "GET /admin/jsi18n/ HTTP/1.1" 200 7758
[2018-03-08 16:02:33,157] [INFO] "GET /admin/walletapi/useraddress/ HTTP/1.1" 200 12959
[2018-03-08 16:02:33,173] [INFO] "GET /admin/jsi18n/ HTTP/1.1" 200 7758
[2018-03-08 16:02:37,880] [INFO] "GET /admin/walletapi/appuserrecharge/ HTTP/1.1" 200 8277
[2018-03-08 16:02:37,900] [INFO] "GET /admin/jsi18n/ HTTP/1.1" 200 7758
[2018-03-08 16:06:56,026] [INFO] "GET /admin/walletapi/transactionsid/ HTTP/1.1" 200 11819
[2018-03-08 16:06:56,048] [INFO] "GET /admin/jsi18n/ HTTP/1.1" 200 7758
[2018-03-08 16:16:24,569] [INFO] "GET /admin/walletapi/userbalance/ HTTP/1.1" 200 9243
[2018-03-08 16:16:24,605] [INFO] "GET /admin/jsi18n/ HTTP/1.1" 200 7758
[2018-03-08 17:23:54,160] [WARNING] Not Found: /wallet/getbalance
[2018-03-08 17:23:54,161] [WARNING] "GET /wallet/getbalance?user_id=1234567&coin_type=BCH&sign=48a761cc5152a2f4ff703146e5451b69 HTTP/1.1" 404 2407
[2018-03-08 17:24:14,348] [INFO] "GET /wallet/balance?user_id=1234567&coin_type=BCH&sign=48a761cc5152a2f4ff703146e5451b69 HTTP/1.1" 301 0
[2018-03-08 17:24:14,390] [INFO] "GET /wallet/balance/?user_id=1234567&coin_type=BCH&sign=48a761cc5152a2f4ff703146e5451b69 HTTP/1.1" 200 88
[2018-03-08 18:02:55,313] [INFO] "GET /admin/walletapi/apicallback/ HTTP/1.1" 200 8023
[2018-03-08 18:02:55,365] [INFO] "GET /admin/jsi18n/ HTTP/1.1" 200 7758
[2018-03-08 18:02:55,530] [INFO] "GET /admin/walletapi/cointype/ HTTP/1.1" 200 9095
[2018-03-08 18:02:55,549] [INFO] "GET /admin/jsi18n/ HTTP/1.1" 200 7758
[2018-03-08 18:02:57,795] [INFO] "GET /admin/walletapi/userbalance/ HTTP/1.1" 200 9243
[2018-03-08 18:02:57,816] [INFO] "GET /admin/jsi18n/ HTTP/1.1" 200 7758
[2018-03-09 10:09:17,460] [INFO] "GET /admin/walletapi/transactionsid/ HTTP/1.1" 200 11819
[2018-03-09 10:09:17,489] [INFO] "GET /static/suit/css/suit.css HTTP/1.1" 304 0
[2018-03-09 10:09:17,502] [INFO] "GET /static/suit/css/font-awesome.min.css HTTP/1.1" 304 0
[2018-03-09 10:09:17,503] [INFO] "GET /static/admin/css/changelists.css HTTP/1.1" 304 0
[2018-03-09 10:09:17,509] [INFO] "GET /static/suit/js/suit.js HTTP/1.1" 304 0
[2018-03-09 10:09:17,528] [INFO] "GET /admin/jsi18n/ HTTP/1.1" 200 7758
[2018-03-09 10:09:17,604] [INFO] "GET /static/suit/fonts/fontawesome-webfont.woff2?v=4.7.0 HTTP/1.1" 304 0
[2018-03-09 10:09:19,954] [INFO] "GET /admin/walletapi/appuserrecharge/ HTTP/1.1" 200 8277
[2018-03-09 10:09:19,983] [INFO] "GET /admin/jsi18n/ HTTP/1.1" 200 7758
[2018-03-12 14:27:51,145] [WARNING] Not Found: /
[2018-03-12 14:27:51,161] [WARNING] "GET / HTTP/1.1" 404 2017
[2018-03-12 14:31:02,260] [INFO] "GET / HTTP/1.1" 200 62
[2018-03-12 14:31:04,710] [INFO] "GET / HTTP/1.1" 200 62
[2018-03-12 14:32:24,732] [INFO] "GET / HTTP/1.1" 200 62
[2018-03-12 14:32:30,867] [INFO] "GET /admin/ HTTP/1.1" 302 0
[2018-03-12 14:32:32,750] [INFO] "GET /admin/login/?next=/admin/ HTTP/1.1" 200 2615
[2018-03-12 14:32:32,766] [INFO] "GET /static/suit/css/suit.css HTTP/1.1" 304 0
[2018-03-12 14:32:32,792] [INFO] "GET /static/suit/css/font-awesome.min.css HTTP/1.1" 304 0
[2018-03-12 14:32:32,793] [INFO] "GET /static/suit/js/suit.js HTTP/1.1" 304 0
[2018-03-12 14:33:09,267] [WARNING] Not Found: /admin/
[2018-03-12 14:33:09,269] [WARNING] "GET /admin/ HTTP/1.1" 404 2159
[2018-03-12 14:33:16,700] [INFO] "GET /admin/sys/url HTTP/1.1" 301 0
[2018-03-12 14:33:16,763] [INFO] "GET /admin/sys/url/ HTTP/1.1" 302 0
[2018-03-12 14:33:16,857] [INFO] "GET /admin/sys/url/login/?next=/admin/sys/url/ HTTP/1.1" 200 2647
[2018-03-12 14:33:37,246] [INFO] "GET / HTTP/1.1" 200 62
[2018-03-12 14:33:40,526] [WARNING] Not Found: /admin/
[2018-03-12 14:33:40,526] [WARNING] "GET /admin/ HTTP/1.1" 404 80
